[3.063s] Invoking command in '/home/tx2/roadside_unit_ros2/src/perception_pkg': PYTHONPATH=/home/tx2/roadside_unit_ros2/build/perception_pkg/prefix_override:/home/tx2/roadside_unit_ros2/install/perception_pkg/lib/python3.6/site-packages:${PYTHONPATH} /usr/bin/python3 setup.py egg_info --egg-base ../../build/perception_pkg build --build-base /home/tx2/roadside_unit_ros2/build/perception_pkg/build install --record /home/tx2/roadside_unit_ros2/build/perception_pkg/install.log --install-scripts $base/lib/perception_pkg --single-version-externally-managed
[3.989s] running egg_info
[3.992s] writing ../../build/perception_pkg/perception_pkg.egg-info/PKG-INFO
[3.992s] writing dependency_links to ../../build/perception_pkg/perception_pkg.egg-info/dependency_links.txt
[3.993s] writing entry points to ../../build/perception_pkg/perception_pkg.egg-info/entry_points.txt
[3.994s] writing requirements to ../../build/perception_pkg/perception_pkg.egg-info/requires.txt
[3.994s] writing top-level names to ../../build/perception_pkg/perception_pkg.egg-info/top_level.txt
[4.146s] reading manifest file '../../build/perception_pkg/perception_pkg.egg-info/SOURCES.txt'
[4.151s] writing manifest file '../../build/perception_pkg/perception_pkg.egg-info/SOURCES.txt'
[4.152s] running build
[4.153s] running build_py
[4.155s] copying perception_pkg/scenario_visualizer.py -> /home/tx2/roadside_unit_ros2/build/perception_pkg/build/lib/perception_pkg
[4.156s] running install
[4.157s] running install_lib
[4.159s] copying /home/tx2/roadside_unit_ros2/build/perception_pkg/build/lib/perception_pkg/scenario_visualizer.py -> /home/tx2/roadside_unit_ros2/install/perception_pkg/lib/python3.6/site-packages/perception_pkg
[4.162s] byte-compiling /home/tx2/roadside_unit_ros2/install/perception_pkg/lib/python3.6/site-packages/perception_pkg/scenario_visualizer.py to scenario_visualizer.cpython-36.pyc
[4.164s] running install_data
[4.166s] running install_egg_info
[4.172s] removing '/home/tx2/roadside_unit_ros2/install/perception_pkg/lib/python3.6/site-packages/perception_pkg-0.0.0-py3.6.egg-info' (and everything under it)
[4.173s] Copying ../../build/perception_pkg/perception_pkg.egg-info to /home/tx2/roadside_unit_ros2/install/perception_pkg/lib/python3.6/site-packages/perception_pkg-0.0.0-py3.6.egg-info
[4.176s] running install_scripts
[4.245s] Installing distance_estimator script to /home/tx2/roadside_unit_ros2/install/perception_pkg/lib/perception_pkg
[4.246s] Installing scenario_classificator script to /home/tx2/roadside_unit_ros2/install/perception_pkg/lib/perception_pkg
[4.247s] writing list of installed files to '/home/tx2/roadside_unit_ros2/build/perception_pkg/install.log'
[4.346s] Invoked command in '/home/tx2/roadside_unit_ros2/src/perception_pkg' returned '0': PYTHONPATH=/home/tx2/roadside_unit_ros2/build/perception_pkg/prefix_override:/home/tx2/roadside_unit_ros2/install/perception_pkg/lib/python3.6/site-packages:${PYTHONPATH} /usr/bin/python3 setup.py egg_info --egg-base ../../build/perception_pkg build --build-base /home/tx2/roadside_unit_ros2/build/perception_pkg/build install --record /home/tx2/roadside_unit_ros2/build/perception_pkg/install.log --install-scripts $base/lib/perception_pkg --single-version-externally-managed
