[1.087s] Invoking command in '/home/tx2/roadside_unit_ros2/build/ros_deep_learning': CMAKE_PREFIX_PATH=${CMAKE_PREFIX_PATH}:/home/tx2/roadside_unit_ros2/install/perception_pkg:/opt/ros/eloquent /usr/bin/cmake --build /home/tx2/roadside_unit_ros2/build/ros_deep_learning -- -j4 -l4
[1.341s] [ 20%] Built target segnet
[1.360s] [ 40%] Built target video_output
[1.394s] [ 60%] Built target imagenet
[1.418s] [ 80%] Built target detectnet
[1.470s] [100%] Built target video_source
[1.506s] Invoked command in '/home/tx2/roadside_unit_ros2/build/ros_deep_learning' returned '0': CMAKE_PREFIX_PATH=${CMAKE_PREFIX_PATH}:/home/tx2/roadside_unit_ros2/install/perception_pkg:/opt/ros/eloquent /usr/bin/cmake --build /home/tx2/roadside_unit_ros2/build/ros_deep_learning -- -j4 -l4
[1.693s] Invoking command in '/home/tx2/roadside_unit_ros2/build/ros_deep_learning': CMAKE_PREFIX_PATH=${CMAKE_PREFIX_PATH}:/home/tx2/roadside_unit_ros2/install/perception_pkg:/opt/ros/eloquent /usr/bin/cmake --build /home/tx2/roadside_unit_ros2/build/ros_deep_learning --target install -- -j4 -l4
[1.950s] [ 20%] Built target detectnet
[1.962s] [ 40%] Built target video_output
[1.981s] [ 60%] Built target imagenet
[1.984s] [ 80%] Built target segnet
[2.086s] [100%] Built target video_source
[2.149s] [36mInstall the project...[0m
[2.178s] -- Install configuration: ""
[2.179s] -- Up-to-date: /home/tx2/roadside_unit_ros2/install/ros_deep_learning/lib/ros_deep_learning/imagenet
[2.180s] -- Up-to-date: /home/tx2/roadside_unit_ros2/install/ros_deep_learning/lib/ros_deep_learning/detectnet
[2.181s] -- Up-to-date: /home/tx2/roadside_unit_ros2/install/ros_deep_learning/lib/ros_deep_learning/segnet
[2.182s] -- Up-to-date: /home/tx2/roadside_unit_ros2/install/ros_deep_learning/lib/ros_deep_learning/video_source
[2.183s] -- Up-to-date: /home/tx2/roadside_unit_ros2/install/ros_deep_learning/lib/ros_deep_learning/video_output
[2.185s] -- Up-to-date: /home/tx2/roadside_unit_ros2/install/ros_deep_learning/share/ros_deep_learning//launch
[2.186s] -- Up-to-date: /home/tx2/roadside_unit_ros2/install/ros_deep_learning/share/ros_deep_learning//launch/imagenet.ros1.launch
[2.188s] -- Up-to-date: /home/tx2/roadside_unit_ros2/install/ros_deep_learning/share/ros_deep_learning//launch/video_viewer.ros1.launch
[2.189s] -- Up-to-date: /home/tx2/roadside_unit_ros2/install/ros_deep_learning/share/ros_deep_learning//launch/video_output.ros1.launch
[2.190s] -- Up-to-date: /home/tx2/roadside_unit_ros2/install/ros_deep_learning/share/ros_deep_learning//launch/video_output.ros2.launch
[2.191s] -- Up-to-date: /home/tx2/roadside_unit_ros2/install/ros_deep_learning/share/ros_deep_learning//launch/imagenet.ros2.launch
[2.192s] -- Up-to-date: /home/tx2/roadside_unit_ros2/install/ros_deep_learning/share/ros_deep_learning//launch/detectnet.ros1.launch
[2.192s] -- Up-to-date: /home/tx2/roadside_unit_ros2/install/ros_deep_learning/share/ros_deep_learning//launch/detectnet.ros2.launch
[2.193s] -- Up-to-date: /home/tx2/roadside_unit_ros2/install/ros_deep_learning/share/ros_deep_learning//launch/video_source.ros2.launch
[2.193s] -- Up-to-date: /home/tx2/roadside_unit_ros2/install/ros_deep_learning/share/ros_deep_learning//launch/video_viewer.ros2.launch
[2.194s] -- Up-to-date: /home/tx2/roadside_unit_ros2/install/ros_deep_learning/share/ros_deep_learning//launch/segnet.ros1.launch
[2.194s] -- Up-to-date: /home/tx2/roadside_unit_ros2/install/ros_deep_learning/share/ros_deep_learning//launch/video_source.ros1.launch
[2.195s] -- Up-to-date: /home/tx2/roadside_unit_ros2/install/ros_deep_learning/share/ros_deep_learning//launch/segnet.ros2.launch
[2.196s] -- Up-to-date: /home/tx2/roadside_unit_ros2/install/ros_deep_learning/share/ament_index/resource_index/package_run_dependencies/ros_deep_learning
[2.196s] -- Up-to-date: /home/tx2/roadside_unit_ros2/install/ros_deep_learning/share/ament_index/resource_index/parent_prefix_path/ros_deep_learning
[2.197s] -- Up-to-date: /home/tx2/roadside_unit_ros2/install/ros_deep_learning/share/ros_deep_learning/environment/ament_prefix_path.sh
[2.198s] -- Up-to-date: /home/tx2/roadside_unit_ros2/install/ros_deep_learning/share/ros_deep_learning/environment/ament_prefix_path.dsv
[2.199s] -- Up-to-date: /home/tx2/roadside_unit_ros2/install/ros_deep_learning/share/ros_deep_learning/environment/path.sh
[2.200s] -- Up-to-date: /home/tx2/roadside_unit_ros2/install/ros_deep_learning/share/ros_deep_learning/environment/path.dsv
[2.203s] -- Up-to-date: /home/tx2/roadside_unit_ros2/install/ros_deep_learning/share/ros_deep_learning/local_setup.bash
[2.216s] -- Up-to-date: /home/tx2/roadside_unit_ros2/install/ros_deep_learning/share/ros_deep_learning/local_setup.sh
[2.217s] -- Up-to-date: /home/tx2/roadside_unit_ros2/install/ros_deep_learning/share/ros_deep_learning/local_setup.zsh
[2.217s] -- Up-to-date: /home/tx2/roadside_unit_ros2/install/ros_deep_learning/share/ros_deep_learning/local_setup.dsv
[2.218s] -- Installing: /home/tx2/roadside_unit_ros2/install/ros_deep_learning/share/ros_deep_learning/package.dsv
[2.218s] -- Up-to-date: /home/tx2/roadside_unit_ros2/install/ros_deep_learning/share/ament_index/resource_index/packages/ros_deep_learning
[2.219s] -- Up-to-date: /home/tx2/roadside_unit_ros2/install/ros_deep_learning/share/ros_deep_learning/cmake/ros_deep_learningConfig.cmake
[2.219s] -- Up-to-date: /home/tx2/roadside_unit_ros2/install/ros_deep_learning/share/ros_deep_learning/cmake/ros_deep_learningConfig-version.cmake
[2.220s] -- Up-to-date: /home/tx2/roadside_unit_ros2/install/ros_deep_learning/share/ros_deep_learning/package.xml
[2.221s] Invoked command in '/home/tx2/roadside_unit_ros2/build/ros_deep_learning' returned '0': CMAKE_PREFIX_PATH=${CMAKE_PREFIX_PATH}:/home/tx2/roadside_unit_ros2/install/perception_pkg:/opt/ros/eloquent /usr/bin/cmake --build /home/tx2/roadside_unit_ros2/build/ros_deep_learning --target install -- -j4 -l4
