[1.382s] DEBUG:colcon:Command line arguments: ['/usr/bin/colcon', 'build']
[1.382s] DEBUG:colcon:Parsed command line arguments: Namespace(allow_overriding=[], ament_cmake_args=None, base_paths=['.'], build_base='build', catkin_cmake_args=None, catkin_skip_building_tests=False, cmake_args=None, cmake_clean_cache=False, cmake_clean_first=False, cmake_force_configure=False, cmake_target=None, cmake_target_skip_unavailable=False, continue_on_error=False, event_handlers=None, executor='parallel', ignore_user_meta=False, install_base='install', log_base=None, log_level=None, main=<bound method BuildVerb.main of <colcon_core.verb.build.BuildVerb object at 0x7fab48d128>>, merge_install=False, metas=['./colcon.meta'], packages_above=None, packages_above_and_dependencies=None, packages_above_depth=None, packages_end=None, packages_ignore=None, packages_ignore_regex=None, packages_select=None, packages_select_build_failed=False, packages_select_by_dep=None, packages_select_regex=None, packages_select_test_failures=False, packages_skip=None, packages_skip_build_finished=False, packages_skip_by_dep=None, packages_skip_regex=None, packages_skip_test_passed=False, packages_skip_up_to=None, packages_start=None, packages_up_to=None, packages_up_to_regex=None, parallel_workers=4, paths=None, symlink_install=False, test_result_base=None, verb_extension=<colcon_core.verb.build.BuildVerb object at 0x7fab48d128>, verb_name='build', verb_parser=<colcon_defaults.argument_parser.defaults.DefaultArgumentsDecorator object at 0x7fab48d470>)
[1.461s] Level 1:colcon.colcon_core.package_discovery:discover_packages(colcon_meta) check parameters
[1.462s] Level 1:colcon.colcon_core.package_discovery:discover_packages(recursive) check parameters
[1.462s] Level 1:colcon.colcon_core.package_discovery:discover_packages(ignore) check parameters
[1.462s] Level 1:colcon.colcon_core.package_discovery:discover_packages(path) check parameters
[1.462s] Level 1:colcon.colcon_core.package_discovery:discover_packages(colcon_meta) discover
[1.463s] Level 1:colcon.colcon_core.package_discovery:discover_packages(recursive) discover
[1.464s] INFO:colcon.colcon_core.package_discovery:Crawling recursively for packages in '/home/tx2/roadside_unit_ros2'
[1.464s] Level 1:colcon.colcon_core.package_identification:_identify(.) by extensions ['ignore', 'ignore_ament_install']
[1.464s] Level 1:colcon.colcon_core.package_identification:_identify(.) by extension 'ignore'
[1.465s] Level 1:colcon.colcon_core.package_identification:_identify(.) by extension 'ignore_ament_install'
[1.465s] Level 1:colcon.colcon_core.package_identification:_identify(.) by extensions ['colcon_pkg']
[1.465s] Level 1:colcon.colcon_core.package_identification:_identify(.) by extension 'colcon_pkg'
[1.465s] Level 1:colcon.colcon_core.package_identification:_identify(.) by extensions ['colcon_meta']
[1.465s] Level 1:colcon.colcon_core.package_identification:_identify(.) by extension 'colcon_meta'
[1.466s] Level 1:colcon.colcon_core.package_identification:_identify(.) by extensions ['ros']
[1.466s] Level 1:colcon.colcon_core.package_identification:_identify(.) by extension 'ros'
[1.509s] Level 1:colcon.colcon_core.package_identification:_identify(.) by extensions ['cmake', 'python']
[1.509s] Level 1:colcon.colcon_core.package_identification:_identify(.) by extension 'cmake'
[1.509s] Level 1:colcon.colcon_core.package_identification:_identify(.) by extension 'python'
[1.509s] Level 1:colcon.colcon_core.package_identification:_identify(.) by extensions ['python_setup_py']
[1.510s] Level 1:colcon.colcon_core.package_identification:_identify(.) by extension 'python_setup_py'
[1.510s] Level 1:colcon.colcon_core.package_identification:_identify(build) by extensions ['ignore', 'ignore_ament_install']
[1.510s] Level 1:colcon.colcon_core.package_identification:_identify(build) by extension 'ignore'
[1.511s] Level 1:colcon.colcon_core.package_identification:_identify(build) ignored
[1.512s] Level 1:colcon.colcon_core.package_identification:_identify(install) by extensions ['ignore', 'ignore_ament_install']
[1.512s] Level 1:colcon.colcon_core.package_identification:_identify(install) by extension 'ignore'
[1.513s] Level 1:colcon.colcon_core.package_identification:_identify(install) ignored
[1.513s] Level 1:colcon.colcon_core.package_identification:_identify(log) by extensions ['ignore', 'ignore_ament_install']
[1.513s] Level 1:colcon.colcon_core.package_identification:_identify(log) by extension 'ignore'
[1.514s] Level 1:colcon.colcon_core.package_identification:_identify(log) ignored
[1.514s] Level 1:colcon.colcon_core.package_identification:_identify(src) by extensions ['ignore', 'ignore_ament_install']
[1.515s] Level 1:colcon.colcon_core.package_identification:_identify(src) by extension 'ignore'
[1.515s] Level 1:colcon.colcon_core.package_identification:_identify(src) by extension 'ignore_ament_install'
[1.515s] Level 1:colcon.colcon_core.package_identification:_identify(src) by extensions ['colcon_pkg']
[1.515s] Level 1:colcon.colcon_core.package_identification:_identify(src) by extension 'colcon_pkg'
[1.516s] Level 1:colcon.colcon_core.package_identification:_identify(src) by extensions ['colcon_meta']
[1.516s] Level 1:colcon.colcon_core.package_identification:_identify(src) by extension 'colcon_meta'
[1.516s] Level 1:colcon.colcon_core.package_identification:_identify(src) by extensions ['ros']
[1.517s] Level 1:colcon.colcon_core.package_identification:_identify(src) by extension 'ros'
[1.517s] Level 1:colcon.colcon_core.package_identification:_identify(src) by extensions ['cmake', 'python']
[1.517s] Level 1:colcon.colcon_core.package_identification:_identify(src) by extension 'cmake'
[1.517s] Level 1:colcon.colcon_core.package_identification:_identify(src) by extension 'python'
[1.518s] Level 1:colcon.colcon_core.package_identification:_identify(src) by extensions ['python_setup_py']
[1.518s] Level 1:colcon.colcon_core.package_identification:_identify(src) by extension 'python_setup_py'
[1.519s] Level 1:colcon.colcon_core.package_identification:_identify(src/perception_pkg) by extensions ['ignore', 'ignore_ament_install']
[1.519s] Level 1:colcon.colcon_core.package_identification:_identify(src/perception_pkg) by extension 'ignore'
[1.519s] Level 1:colcon.colcon_core.package_identification:_identify(src/perception_pkg) by extension 'ignore_ament_install'
[1.520s] Level 1:colcon.colcon_core.package_identification:_identify(src/perception_pkg) by extensions ['colcon_pkg']
[1.520s] Level 1:colcon.colcon_core.package_identification:_identify(src/perception_pkg) by extension 'colcon_pkg'
[1.520s] Level 1:colcon.colcon_core.package_identification:_identify(src/perception_pkg) by extensions ['colcon_meta']
[1.520s] Level 1:colcon.colcon_core.package_identification:_identify(src/perception_pkg) by extension 'colcon_meta'
[1.521s] Level 1:colcon.colcon_core.package_identification:_identify(src/perception_pkg) by extensions ['ros']
[1.521s] Level 1:colcon.colcon_core.package_identification:_identify(src/perception_pkg) by extension 'ros'
[1.534s] DEBUG:colcon.colcon_core.package_identification:Package 'src/perception_pkg' with type 'ros.ament_python' and name 'perception_pkg'
[1.535s] Level 1:colcon.colcon_core.package_identification:_identify(src/ros_deep_learning) by extensions ['ignore', 'ignore_ament_install']
[1.535s] Level 1:colcon.colcon_core.package_identification:_identify(src/ros_deep_learning) by extension 'ignore'
[1.536s] Level 1:colcon.colcon_core.package_identification:_identify(src/ros_deep_learning) by extension 'ignore_ament_install'
[1.536s] Level 1:colcon.colcon_core.package_identification:_identify(src/ros_deep_learning) by extensions ['colcon_pkg']
[1.536s] Level 1:colcon.colcon_core.package_identification:_identify(src/ros_deep_learning) by extension 'colcon_pkg'
[1.536s] Level 1:colcon.colcon_core.package_identification:_identify(src/ros_deep_learning) by extensions ['colcon_meta']
[1.537s] Level 1:colcon.colcon_core.package_identification:_identify(src/ros_deep_learning) by extension 'colcon_meta'
[1.537s] Level 1:colcon.colcon_core.package_identification:_identify(src/ros_deep_learning) by extensions ['ros']
[1.537s] Level 1:colcon.colcon_core.package_identification:_identify(src/ros_deep_learning) by extension 'ros'
[1.540s] DEBUG:colcon.colcon_core.package_identification:Package 'src/ros_deep_learning' with type 'ros.ament_cmake' and name 'ros_deep_learning'
[1.541s] Level 1:colcon.colcon_core.package_discovery:discover_packages(recursive) using defaults
[1.542s] Level 1:colcon.colcon_core.package_discovery:discover_packages(ignore) discover
[1.542s] Level 1:colcon.colcon_core.package_discovery:discover_packages(ignore) using defaults
[1.542s] Level 1:colcon.colcon_core.package_discovery:discover_packages(path) discover
[1.542s] Level 1:colcon.colcon_core.package_discovery:discover_packages(path) using defaults
[1.612s] Level 1:colcon.colcon_core.package_discovery:discover_packages(prefix_path) check parameters
[1.612s] Level 1:colcon.colcon_core.package_discovery:discover_packages(prefix_path) discover
[1.621s] DEBUG:colcon.colcon_installed_package_information.package_discovery:Found 2 installed packages in /home/tx2/roadside_unit_ros2/install
[1.628s] DEBUG:colcon.colcon_installed_package_information.package_discovery:Found 236 installed packages in /opt/ros/eloquent
[1.636s] Level 1:colcon.colcon_core.package_discovery:discover_packages(prefix_path) using defaults
[1.917s] Level 5:colcon.colcon_core.verb:set package 'perception_pkg' build argument 'cmake_args' from command line to 'None'
[1.917s] Level 5:colcon.colcon_core.verb:set package 'perception_pkg' build argument 'cmake_target' from command line to 'None'
[1.918s] Level 5:colcon.colcon_core.verb:set package 'perception_pkg' build argument 'cmake_target_skip_unavailable' from command line to 'False'
[1.918s] Level 5:colcon.colcon_core.verb:set package 'perception_pkg' build argument 'cmake_clean_cache' from command line to 'False'
[1.918s] Level 5:colcon.colcon_core.verb:set package 'perception_pkg' build argument 'cmake_clean_first' from command line to 'False'
[1.918s] Level 5:colcon.colcon_core.verb:set package 'perception_pkg' build argument 'cmake_force_configure' from command line to 'False'
[1.918s] Level 5:colcon.colcon_core.verb:set package 'perception_pkg' build argument 'ament_cmake_args' from command line to 'None'
[1.918s] Level 5:colcon.colcon_core.verb:set package 'perception_pkg' build argument 'catkin_cmake_args' from command line to 'None'
[1.918s] Level 5:colcon.colcon_core.verb:set package 'perception_pkg' build argument 'catkin_skip_building_tests' from command line to 'False'
[1.919s] DEBUG:colcon.colcon_core.verb:Building package 'perception_pkg' with the following arguments: {'ament_cmake_args': None, 'build_base': '/home/tx2/roadside_unit_ros2/build/perception_pkg', 'catkin_cmake_args': None, 'catkin_skip_building_tests': False, 'cmake_args': None, 'cmake_clean_cache': False, 'cmake_clean_first': False, 'cmake_force_configure': False, 'cmake_target': None, 'cmake_target_skip_unavailable': False, 'install_base': '/home/tx2/roadside_unit_ros2/install/perception_pkg', 'merge_install': False, 'path': '/home/tx2/roadside_unit_ros2/src/perception_pkg', 'symlink_install': False, 'test_result_base': None}
[1.921s] Level 5:colcon.colcon_core.verb:set package 'ros_deep_learning' build argument 'cmake_args' from command line to 'None'
[1.921s] Level 5:colcon.colcon_core.verb:set package 'ros_deep_learning' build argument 'cmake_target' from command line to 'None'
[1.921s] Level 5:colcon.colcon_core.verb:set package 'ros_deep_learning' build argument 'cmake_target_skip_unavailable' from command line to 'False'
[1.921s] Level 5:colcon.colcon_core.verb:set package 'ros_deep_learning' build argument 'cmake_clean_cache' from command line to 'False'
[1.922s] Level 5:colcon.colcon_core.verb:set package 'ros_deep_learning' build argument 'cmake_clean_first' from command line to 'False'
[1.922s] Level 5:colcon.colcon_core.verb:set package 'ros_deep_learning' build argument 'cmake_force_configure' from command line to 'False'
[1.922s] Level 5:colcon.colcon_core.verb:set package 'ros_deep_learning' build argument 'ament_cmake_args' from command line to 'None'
[1.922s] Level 5:colcon.colcon_core.verb:set package 'ros_deep_learning' build argument 'catkin_cmake_args' from command line to 'None'
[1.922s] Level 5:colcon.colcon_core.verb:set package 'ros_deep_learning' build argument 'catkin_skip_building_tests' from command line to 'False'
[1.922s] DEBUG:colcon.colcon_core.verb:Building package 'ros_deep_learning' with the following arguments: {'ament_cmake_args': None, 'build_base': '/home/tx2/roadside_unit_ros2/build/ros_deep_learning', 'catkin_cmake_args': None, 'catkin_skip_building_tests': False, 'cmake_args': None, 'cmake_clean_cache': False, 'cmake_clean_first': False, 'cmake_force_configure': False, 'cmake_target': None, 'cmake_target_skip_unavailable': False, 'install_base': '/home/tx2/roadside_unit_ros2/install/ros_deep_learning', 'merge_install': False, 'path': '/home/tx2/roadside_unit_ros2/src/ros_deep_learning', 'symlink_install': False, 'test_result_base': None}
[1.923s] INFO:colcon.colcon_core.executor:Executing jobs using 'parallel' executor
[1.928s] DEBUG:colcon.colcon_parallel_executor.executor.parallel:run_until_complete
[1.930s] INFO:colcon.colcon_ros.task.ament_python.build:Building ROS package in '/home/tx2/roadside_unit_ros2/src/perception_pkg' with build type 'ament_python'
[1.930s] Level 1:colcon.colcon_core.shell:create_environment_hook('perception_pkg', 'ament_prefix_path')
[1.939s] INFO:colcon.colcon_core.plugin_system:Skipping extension 'colcon_core.shell.bat': Not used on non-Windows systems
[1.940s] INFO:colcon.colcon_core.shell:Creating environment hook '/home/tx2/roadside_unit_ros2/install/perception_pkg/share/perception_pkg/hook/ament_prefix_path.ps1'
[1.943s] INFO:colcon.colcon_core.shell:Creating environment descriptor '/home/tx2/roadside_unit_ros2/install/perception_pkg/share/perception_pkg/hook/ament_prefix_path.dsv'
[1.945s] INFO:colcon.colcon_core.shell:Creating environment hook '/home/tx2/roadside_unit_ros2/install/perception_pkg/share/perception_pkg/hook/ament_prefix_path.sh'
[1.950s] INFO:colcon.colcon_core.shell:Skip shell extension 'powershell' for command environment: Not usable outside of PowerShell
[1.950s] DEBUG:colcon.colcon_core.shell:Skip shell extension 'dsv' for command environment
[1.976s] INFO:colcon.colcon_ros.task.ament_cmake.build:Building ROS package in '/home/tx2/roadside_unit_ros2/src/ros_deep_learning' with build type 'ament_cmake'
[1.977s] INFO:colcon.colcon_cmake.task.cmake.build:Building CMake package in '/home/tx2/roadside_unit_ros2/src/ros_deep_learning'
[1.980s] INFO:colcon.colcon_core.shell:Skip shell extension 'powershell' for command environment: Not usable outside of PowerShell
[1.981s] DEBUG:colcon.colcon_core.shell:Skip shell extension 'dsv' for command environment
[3.028s] INFO:colcon.colcon_core.task.python.build:Building Python package in '/home/tx2/roadside_unit_ros2/src/perception_pkg'
[3.031s] INFO:colcon.colcon_core.shell:Skip shell extension 'powershell' for command environment: Not usable outside of PowerShell
[3.031s] DEBUG:colcon.colcon_core.shell:Skip shell extension 'dsv' for command environment
[3.068s] DEBUG:colcon.colcon_core.event_handler.log_command:Invoking command in '/home/tx2/roadside_unit_ros2/build/ros_deep_learning': CMAKE_PREFIX_PATH=${CMAKE_PREFIX_PATH}:/home/tx2/roadside_unit_ros2/install/perception_pkg:/opt/ros/eloquent /usr/bin/cmake --build /home/tx2/roadside_unit_ros2/build/ros_deep_learning -- -j4 -l4
[3.488s] DEBUG:colcon.colcon_core.event_handler.log_command:Invoked command in '/home/tx2/roadside_unit_ros2/build/ros_deep_learning' returned '0': CMAKE_PREFIX_PATH=${CMAKE_PREFIX_PATH}:/home/tx2/roadside_unit_ros2/install/perception_pkg:/opt/ros/eloquent /usr/bin/cmake --build /home/tx2/roadside_unit_ros2/build/ros_deep_learning -- -j4 -l4
[3.675s] DEBUG:colcon.colcon_core.event_handler.log_command:Invoking command in '/home/tx2/roadside_unit_ros2/build/ros_deep_learning': CMAKE_PREFIX_PATH=${CMAKE_PREFIX_PATH}:/home/tx2/roadside_unit_ros2/install/perception_pkg:/opt/ros/eloquent /usr/bin/cmake --build /home/tx2/roadside_unit_ros2/build/ros_deep_learning --target install -- -j4 -l4
[4.181s] Level 1:colcon.colcon_core.environment:create_environment_scripts_only(ros_deep_learning)
[4.193s] Level 1:colcon.colcon_core.environment:checking '/home/tx2/roadside_unit_ros2/install/ros_deep_learning' for CMake module files
[4.196s] Level 1:colcon.colcon_core.environment:checking '/home/tx2/roadside_unit_ros2/install/ros_deep_learning' for CMake config files
[4.202s] DEBUG:colcon.colcon_core.event_handler.log_command:Invoked command in '/home/tx2/roadside_unit_ros2/build/ros_deep_learning' returned '0': CMAKE_PREFIX_PATH=${CMAKE_PREFIX_PATH}:/home/tx2/roadside_unit_ros2/install/perception_pkg:/opt/ros/eloquent /usr/bin/cmake --build /home/tx2/roadside_unit_ros2/build/ros_deep_learning --target install -- -j4 -l4
[4.203s] Level 1:colcon.colcon_core.shell:create_environment_hook('ros_deep_learning', 'cmake_prefix_path')
[4.205s] INFO:colcon.colcon_core.shell:Creating environment hook '/home/tx2/roadside_unit_ros2/install/ros_deep_learning/share/ros_deep_learning/hook/cmake_prefix_path.ps1'
[4.208s] INFO:colcon.colcon_core.shell:Creating environment descriptor '/home/tx2/roadside_unit_ros2/install/ros_deep_learning/share/ros_deep_learning/hook/cmake_prefix_path.dsv'
[4.209s] INFO:colcon.colcon_core.shell:Creating environment hook '/home/tx2/roadside_unit_ros2/install/ros_deep_learning/share/ros_deep_learning/hook/cmake_prefix_path.sh'
[4.213s] Level 1:colcon.colcon_core.environment:checking '/home/tx2/roadside_unit_ros2/install/ros_deep_learning/lib'
[4.214s] Level 1:colcon.colcon_core.environment:checking '/home/tx2/roadside_unit_ros2/install/ros_deep_learning/bin'
[4.214s] Level 1:colcon.colcon_core.environment:checking '/home/tx2/roadside_unit_ros2/install/ros_deep_learning/lib/pkgconfig/ros_deep_learning.pc'
[4.215s] Level 1:colcon.colcon_core.environment:checking '/home/tx2/roadside_unit_ros2/install/ros_deep_learning/lib/python3.6/site-packages'
[4.216s] Level 1:colcon.colcon_core.environment:checking '/home/tx2/roadside_unit_ros2/install/ros_deep_learning/bin'
[4.218s] INFO:colcon.colcon_core.shell:Creating package script '/home/tx2/roadside_unit_ros2/install/ros_deep_learning/share/ros_deep_learning/package.ps1'
[4.222s] INFO:colcon.colcon_core.shell:Creating package descriptor '/home/tx2/roadside_unit_ros2/install/ros_deep_learning/share/ros_deep_learning/package.dsv'
[4.224s] INFO:colcon.colcon_core.shell:Creating package script '/home/tx2/roadside_unit_ros2/install/ros_deep_learning/share/ros_deep_learning/package.sh'
[4.228s] INFO:colcon.colcon_core.shell:Creating package script '/home/tx2/roadside_unit_ros2/install/ros_deep_learning/share/ros_deep_learning/package.bash'
[4.232s] INFO:colcon.colcon_core.shell:Creating package script '/home/tx2/roadside_unit_ros2/install/ros_deep_learning/share/ros_deep_learning/package.zsh'
[4.235s] Level 1:colcon.colcon_core.environment:create_file_with_runtime_dependencies(/home/tx2/roadside_unit_ros2/install/ros_deep_learning/share/colcon-core/packages/ros_deep_learning)
[4.375s] Level 1:colcon.colcon_core.environment:create_environment_scripts_only(ros_deep_learning)
[4.377s] Level 1:colcon.colcon_core.environment:checking '/home/tx2/roadside_unit_ros2/install/ros_deep_learning' for CMake module files
[4.380s] Level 1:colcon.colcon_core.environment:checking '/home/tx2/roadside_unit_ros2/install/ros_deep_learning' for CMake config files
[4.382s] Level 1:colcon.colcon_core.shell:create_environment_hook('ros_deep_learning', 'cmake_prefix_path')
[4.383s] INFO:colcon.colcon_core.shell:Creating environment hook '/home/tx2/roadside_unit_ros2/install/ros_deep_learning/share/ros_deep_learning/hook/cmake_prefix_path.ps1'
[4.385s] INFO:colcon.colcon_core.shell:Creating environment descriptor '/home/tx2/roadside_unit_ros2/install/ros_deep_learning/share/ros_deep_learning/hook/cmake_prefix_path.dsv'
[4.387s] INFO:colcon.colcon_core.shell:Creating environment hook '/home/tx2/roadside_unit_ros2/install/ros_deep_learning/share/ros_deep_learning/hook/cmake_prefix_path.sh'
[4.390s] Level 1:colcon.colcon_core.environment:checking '/home/tx2/roadside_unit_ros2/install/ros_deep_learning/lib'
[4.390s] Level 1:colcon.colcon_core.environment:checking '/home/tx2/roadside_unit_ros2/install/ros_deep_learning/bin'
[4.391s] Level 1:colcon.colcon_core.environment:checking '/home/tx2/roadside_unit_ros2/install/ros_deep_learning/lib/pkgconfig/ros_deep_learning.pc'
[4.391s] Level 1:colcon.colcon_core.environment:checking '/home/tx2/roadside_unit_ros2/install/ros_deep_learning/lib/python3.6/site-packages'
[4.392s] Level 1:colcon.colcon_core.environment:checking '/home/tx2/roadside_unit_ros2/install/ros_deep_learning/bin'
[4.394s] INFO:colcon.colcon_core.shell:Creating package script '/home/tx2/roadside_unit_ros2/install/ros_deep_learning/share/ros_deep_learning/package.ps1'
[4.397s] INFO:colcon.colcon_core.shell:Creating package descriptor '/home/tx2/roadside_unit_ros2/install/ros_deep_learning/share/ros_deep_learning/package.dsv'
[4.399s] INFO:colcon.colcon_core.shell:Creating package script '/home/tx2/roadside_unit_ros2/install/ros_deep_learning/share/ros_deep_learning/package.sh'
[4.400s] INFO:colcon.colcon_core.shell:Creating package script '/home/tx2/roadside_unit_ros2/install/ros_deep_learning/share/ros_deep_learning/package.bash'
[4.402s] INFO:colcon.colcon_core.shell:Creating package script '/home/tx2/roadside_unit_ros2/install/ros_deep_learning/share/ros_deep_learning/package.zsh'
[4.404s] Level 1:colcon.colcon_core.environment:create_file_with_runtime_dependencies(/home/tx2/roadside_unit_ros2/install/ros_deep_learning/share/colcon-core/packages/ros_deep_learning)
[4.911s] DEBUG:colcon.colcon_core.event_handler.log_command:Invoking command in '/home/tx2/roadside_unit_ros2/src/perception_pkg': PYTHONPATH=/home/tx2/roadside_unit_ros2/build/perception_pkg/prefix_override:/home/tx2/roadside_unit_ros2/install/perception_pkg/lib/python3.6/site-packages:${PYTHONPATH} /usr/bin/python3 setup.py egg_info --egg-base ../../build/perception_pkg build --build-base /home/tx2/roadside_unit_ros2/build/perception_pkg/build install --record /home/tx2/roadside_unit_ros2/build/perception_pkg/install.log --install-scripts $base/lib/perception_pkg --single-version-externally-managed
[6.200s] Level 1:colcon.colcon_core.environment:checking '/home/tx2/roadside_unit_ros2/install/perception_pkg' for CMake module files
[6.204s] DEBUG:colcon.colcon_core.event_handler.log_command:Invoked command in '/home/tx2/roadside_unit_ros2/src/perception_pkg' returned '0': PYTHONPATH=/home/tx2/roadside_unit_ros2/build/perception_pkg/prefix_override:/home/tx2/roadside_unit_ros2/install/perception_pkg/lib/python3.6/site-packages:${PYTHONPATH} /usr/bin/python3 setup.py egg_info --egg-base ../../build/perception_pkg build --build-base /home/tx2/roadside_unit_ros2/build/perception_pkg/build install --record /home/tx2/roadside_unit_ros2/build/perception_pkg/install.log --install-scripts $base/lib/perception_pkg --single-version-externally-managed
[6.206s] Level 1:colcon.colcon_core.environment:checking '/home/tx2/roadside_unit_ros2/install/perception_pkg' for CMake config files
[6.209s] Level 1:colcon.colcon_core.environment:checking '/home/tx2/roadside_unit_ros2/install/perception_pkg/lib'
[6.209s] Level 1:colcon.colcon_core.environment:checking '/home/tx2/roadside_unit_ros2/install/perception_pkg/bin'
[6.210s] Level 1:colcon.colcon_core.environment:checking '/home/tx2/roadside_unit_ros2/install/perception_pkg/lib/pkgconfig/perception_pkg.pc'
[6.210s] Level 1:colcon.colcon_core.environment:checking '/home/tx2/roadside_unit_ros2/install/perception_pkg/lib/python3.6/site-packages'
[6.211s] Level 1:colcon.colcon_core.shell:create_environment_hook('perception_pkg', 'pythonpath')
[6.212s] INFO:colcon.colcon_core.shell:Creating environment hook '/home/tx2/roadside_unit_ros2/install/perception_pkg/share/perception_pkg/hook/pythonpath.ps1'
[6.214s] INFO:colcon.colcon_core.shell:Creating environment descriptor '/home/tx2/roadside_unit_ros2/install/perception_pkg/share/perception_pkg/hook/pythonpath.dsv'
[6.215s] INFO:colcon.colcon_core.shell:Creating environment hook '/home/tx2/roadside_unit_ros2/install/perception_pkg/share/perception_pkg/hook/pythonpath.sh'
[6.217s] Level 1:colcon.colcon_core.environment:checking '/home/tx2/roadside_unit_ros2/install/perception_pkg/bin'
[6.217s] Level 1:colcon.colcon_core.environment:create_environment_scripts_only(perception_pkg)
[6.219s] INFO:colcon.colcon_core.shell:Creating package script '/home/tx2/roadside_unit_ros2/install/perception_pkg/share/perception_pkg/package.ps1'
[6.221s] INFO:colcon.colcon_core.shell:Creating package descriptor '/home/tx2/roadside_unit_ros2/install/perception_pkg/share/perception_pkg/package.dsv'
[6.223s] INFO:colcon.colcon_core.shell:Creating package script '/home/tx2/roadside_unit_ros2/install/perception_pkg/share/perception_pkg/package.sh'
[6.224s] INFO:colcon.colcon_core.shell:Creating package script '/home/tx2/roadside_unit_ros2/install/perception_pkg/share/perception_pkg/package.bash'
[6.226s] INFO:colcon.colcon_core.shell:Creating package script '/home/tx2/roadside_unit_ros2/install/perception_pkg/share/perception_pkg/package.zsh'
[6.228s] Level 1:colcon.colcon_core.environment:create_file_with_runtime_dependencies(/home/tx2/roadside_unit_ros2/install/perception_pkg/share/colcon-core/packages/perception_pkg)
[6.229s] DEBUG:colcon.colcon_parallel_executor.executor.parallel:closing loop
[6.231s] DEBUG:colcon.colcon_parallel_executor.executor.parallel:loop closed
[6.231s] DEBUG:colcon.colcon_parallel_executor.executor.parallel:run_until_complete finished with '0'
[6.232s] DEBUG:colcon.colcon_core.event_reactor:joining thread
[6.254s] INFO:colcon.colcon_core.plugin_system:Skipping extension 'colcon_notification.desktop_notification.terminal_notifier': Not used on non-Darwin systems
[6.254s] INFO:colcon.colcon_core.plugin_system:Skipping extension 'colcon_notification.desktop_notification.win32': Not used on non-Windows systems
[6.255s] INFO:colcon.colcon_notification.desktop_notification:Sending desktop notification using 'notify2'
[6.543s] DEBUG:colcon.colcon_core.event_reactor:joined thread
[6.546s] INFO:colcon.colcon_core.shell:Creating prefix script '/home/tx2/roadside_unit_ros2/install/local_setup.ps1'
[6.552s] INFO:colcon.colcon_core.shell:Creating prefix util module '/home/tx2/roadside_unit_ros2/install/_local_setup_util_ps1.py'
[6.560s] INFO:colcon.colcon_core.shell:Creating prefix chain script '/home/tx2/roadside_unit_ros2/install/setup.ps1'
[6.566s] INFO:colcon.colcon_core.shell:Creating prefix script '/home/tx2/roadside_unit_ros2/install/local_setup.sh'
[6.568s] INFO:colcon.colcon_core.shell:Creating prefix util module '/home/tx2/roadside_unit_ros2/install/_local_setup_util_sh.py'
[6.570s] INFO:colcon.colcon_core.shell:Creating prefix chain script '/home/tx2/roadside_unit_ros2/install/setup.sh'
[6.575s] INFO:colcon.colcon_core.shell:Creating prefix script '/home/tx2/roadside_unit_ros2/install/local_setup.bash'
[6.578s] INFO:colcon.colcon_core.shell:Creating prefix chain script '/home/tx2/roadside_unit_ros2/install/setup.bash'
[6.584s] INFO:colcon.colcon_core.shell:Creating prefix script '/home/tx2/roadside_unit_ros2/install/local_setup.zsh'
[6.586s] INFO:colcon.colcon_core.shell:Creating prefix chain script '/home/tx2/roadside_unit_ros2/install/setup.zsh'
