[1.410s] DEBUG:colcon:Command line arguments: ['/usr/bin/colcon', 'build']
[1.410s] DEBUG:colcon:Parsed command line arguments: Namespace(allow_overriding=[], ament_cmake_args=None, base_paths=['.'], build_base='build', catkin_cmake_args=None, catkin_skip_building_tests=False, cmake_args=None, cmake_clean_cache=False, cmake_clean_first=False, cmake_force_configure=False, cmake_target=None, cmake_target_skip_unavailable=False, continue_on_error=False, event_handlers=None, executor='parallel', ignore_user_meta=False, install_base='install', log_base=None, log_level=None, main=<bound method BuildVerb.main of <colcon_core.verb.build.BuildVerb object at 0x7f8ab872e8>>, merge_install=False, metas=['./colcon.meta'], packages_above=None, packages_above_and_dependencies=None, packages_above_depth=None, packages_end=None, packages_ignore=None, packages_ignore_regex=None, packages_select=None, packages_select_build_failed=False, packages_select_by_dep=None, packages_select_regex=None, packages_select_test_failures=False, packages_skip=None, packages_skip_build_finished=False, packages_skip_by_dep=None, packages_skip_regex=None, packages_skip_test_passed=False, packages_skip_up_to=None, packages_start=None, packages_up_to=None, packages_up_to_regex=None, parallel_workers=4, paths=None, symlink_install=False, test_result_base=None, verb_extension=<colcon_core.verb.build.BuildVerb object at 0x7f8ab872e8>, verb_name='build', verb_parser=<colcon_defaults.argument_parser.defaults.DefaultArgumentsDecorator object at 0x7f8ab87630>)
[1.495s] Level 1:colcon.colcon_core.package_discovery:discover_packages(colcon_meta) check parameters
[1.495s] Level 1:colcon.colcon_core.package_discovery:discover_packages(recursive) check parameters
[1.496s] Level 1:colcon.colcon_core.package_discovery:discover_packages(ignore) check parameters
[1.496s] Level 1:colcon.colcon_core.package_discovery:discover_packages(path) check parameters
[1.496s] Level 1:colcon.colcon_core.package_discovery:discover_packages(colcon_meta) discover
[1.497s] Level 1:colcon.colcon_core.package_discovery:discover_packages(recursive) discover
[1.497s] INFO:colcon.colcon_core.package_discovery:Crawling recursively for packages in '/home/tx2/roadside_unit_ros2'
[1.498s] Level 1:colcon.colcon_core.package_identification:_identify(.) by extensions ['ignore', 'ignore_ament_install']
[1.498s] Level 1:colcon.colcon_core.package_identification:_identify(.) by extension 'ignore'
[1.498s] Level 1:colcon.colcon_core.package_identification:_identify(.) by extension 'ignore_ament_install'
[1.499s] Level 1:colcon.colcon_core.package_identification:_identify(.) by extensions ['colcon_pkg']
[1.499s] Level 1:colcon.colcon_core.package_identification:_identify(.) by extension 'colcon_pkg'
[1.499s] Level 1:colcon.colcon_core.package_identification:_identify(.) by extensions ['colcon_meta']
[1.499s] Level 1:colcon.colcon_core.package_identification:_identify(.) by extension 'colcon_meta'
[1.499s] Level 1:colcon.colcon_core.package_identification:_identify(.) by extensions ['ros']
[1.499s] Level 1:colcon.colcon_core.package_identification:_identify(.) by extension 'ros'
[1.554s] Level 1:colcon.colcon_core.package_identification:_identify(.) by extensions ['cmake', 'python']
[1.555s] Level 1:colcon.colcon_core.package_identification:_identify(.) by extension 'cmake'
[1.555s] Level 1:colcon.colcon_core.package_identification:_identify(.) by extension 'python'
[1.555s] Level 1:colcon.colcon_core.package_identification:_identify(.) by extensions ['python_setup_py']
[1.555s] Level 1:colcon.colcon_core.package_identification:_identify(.) by extension 'python_setup_py'
[1.556s] Level 1:colcon.colcon_core.package_identification:_identify(build) by extensions ['ignore', 'ignore_ament_install']
[1.556s] Level 1:colcon.colcon_core.package_identification:_identify(build) by extension 'ignore'
[1.556s] Level 1:colcon.colcon_core.package_identification:_identify(build) ignored
[1.558s] Level 1:colcon.colcon_core.package_identification:_identify(install) by extensions ['ignore', 'ignore_ament_install']
[1.558s] Level 1:colcon.colcon_core.package_identification:_identify(install) by extension 'ignore'
[1.558s] Level 1:colcon.colcon_core.package_identification:_identify(install) ignored
[1.559s] Level 1:colcon.colcon_core.package_identification:_identify(launch) by extensions ['ignore', 'ignore_ament_install']
[1.559s] Level 1:colcon.colcon_core.package_identification:_identify(launch) by extension 'ignore'
[1.559s] Level 1:colcon.colcon_core.package_identification:_identify(launch) by extension 'ignore_ament_install'
[1.560s] Level 1:colcon.colcon_core.package_identification:_identify(launch) by extensions ['colcon_pkg']
[1.560s] Level 1:colcon.colcon_core.package_identification:_identify(launch) by extension 'colcon_pkg'
[1.560s] Level 1:colcon.colcon_core.package_identification:_identify(launch) by extensions ['colcon_meta']
[1.560s] Level 1:colcon.colcon_core.package_identification:_identify(launch) by extension 'colcon_meta'
[1.560s] Level 1:colcon.colcon_core.package_identification:_identify(launch) by extensions ['ros']
[1.560s] Level 1:colcon.colcon_core.package_identification:_identify(launch) by extension 'ros'
[1.561s] Level 1:colcon.colcon_core.package_identification:_identify(launch) by extensions ['cmake', 'python']
[1.561s] Level 1:colcon.colcon_core.package_identification:_identify(launch) by extension 'cmake'
[1.561s] Level 1:colcon.colcon_core.package_identification:_identify(launch) by extension 'python'
[1.561s] Level 1:colcon.colcon_core.package_identification:_identify(launch) by extensions ['python_setup_py']
[1.561s] Level 1:colcon.colcon_core.package_identification:_identify(launch) by extension 'python_setup_py'
[1.562s] Level 1:colcon.colcon_core.package_identification:_identify(log) by extensions ['ignore', 'ignore_ament_install']
[1.562s] Level 1:colcon.colcon_core.package_identification:_identify(log) by extension 'ignore'
[1.562s] Level 1:colcon.colcon_core.package_identification:_identify(log) ignored
[1.563s] Level 1:colcon.colcon_core.package_identification:_identify(src) by extensions ['ignore', 'ignore_ament_install']
[1.563s] Level 1:colcon.colcon_core.package_identification:_identify(src) by extension 'ignore'
[1.563s] Level 1:colcon.colcon_core.package_identification:_identify(src) by extension 'ignore_ament_install'
[1.564s] Level 1:colcon.colcon_core.package_identification:_identify(src) by extensions ['colcon_pkg']
[1.564s] Level 1:colcon.colcon_core.package_identification:_identify(src) by extension 'colcon_pkg'
[1.564s] Level 1:colcon.colcon_core.package_identification:_identify(src) by extensions ['colcon_meta']
[1.564s] Level 1:colcon.colcon_core.package_identification:_identify(src) by extension 'colcon_meta'
[1.564s] Level 1:colcon.colcon_core.package_identification:_identify(src) by extensions ['ros']
[1.564s] Level 1:colcon.colcon_core.package_identification:_identify(src) by extension 'ros'
[1.565s] Level 1:colcon.colcon_core.package_identification:_identify(src) by extensions ['cmake', 'python']
[1.565s] Level 1:colcon.colcon_core.package_identification:_identify(src) by extension 'cmake'
[1.565s] Level 1:colcon.colcon_core.package_identification:_identify(src) by extension 'python'
[1.566s] Level 1:colcon.colcon_core.package_identification:_identify(src) by extensions ['python_setup_py']
[1.566s] Level 1:colcon.colcon_core.package_identification:_identify(src) by extension 'python_setup_py'
[1.566s] Level 1:colcon.colcon_core.package_identification:_identify(src/perception_pkg) by extensions ['ignore', 'ignore_ament_install']
[1.566s] Level 1:colcon.colcon_core.package_identification:_identify(src/perception_pkg) by extension 'ignore'
[1.567s] Level 1:colcon.colcon_core.package_identification:_identify(src/perception_pkg) by extension 'ignore_ament_install'
[1.567s] Level 1:colcon.colcon_core.package_identification:_identify(src/perception_pkg) by extensions ['colcon_pkg']
[1.567s] Level 1:colcon.colcon_core.package_identification:_identify(src/perception_pkg) by extension 'colcon_pkg'
[1.567s] Level 1:colcon.colcon_core.package_identification:_identify(src/perception_pkg) by extensions ['colcon_meta']
[1.568s] Level 1:colcon.colcon_core.package_identification:_identify(src/perception_pkg) by extension 'colcon_meta'
[1.568s] Level 1:colcon.colcon_core.package_identification:_identify(src/perception_pkg) by extensions ['ros']
[1.568s] Level 1:colcon.colcon_core.package_identification:_identify(src/perception_pkg) by extension 'ros'
[1.585s] DEBUG:colcon.colcon_core.package_identification:Package 'src/perception_pkg' with type 'ros.ament_python' and name 'perception_pkg'
[1.586s] Level 1:colcon.colcon_core.package_identification:_identify(src/ros_deep_learning) by extensions ['ignore', 'ignore_ament_install']
[1.586s] Level 1:colcon.colcon_core.package_identification:_identify(src/ros_deep_learning) by extension 'ignore'
[1.586s] Level 1:colcon.colcon_core.package_identification:_identify(src/ros_deep_learning) by extension 'ignore_ament_install'
[1.587s] Level 1:colcon.colcon_core.package_identification:_identify(src/ros_deep_learning) by extensions ['colcon_pkg']
[1.587s] Level 1:colcon.colcon_core.package_identification:_identify(src/ros_deep_learning) by extension 'colcon_pkg'
[1.587s] Level 1:colcon.colcon_core.package_identification:_identify(src/ros_deep_learning) by extensions ['colcon_meta']
[1.587s] Level 1:colcon.colcon_core.package_identification:_identify(src/ros_deep_learning) by extension 'colcon_meta'
[1.587s] Level 1:colcon.colcon_core.package_identification:_identify(src/ros_deep_learning) by extensions ['ros']
[1.588s] Level 1:colcon.colcon_core.package_identification:_identify(src/ros_deep_learning) by extension 'ros'
[1.591s] DEBUG:colcon.colcon_core.package_identification:Package 'src/ros_deep_learning' with type 'ros.ament_cmake' and name 'ros_deep_learning'
[1.591s] Level 1:colcon.colcon_core.package_discovery:discover_packages(recursive) using defaults
[1.592s] Level 1:colcon.colcon_core.package_discovery:discover_packages(ignore) discover
[1.592s] Level 1:colcon.colcon_core.package_discovery:discover_packages(ignore) using defaults
[1.592s] Level 1:colcon.colcon_core.package_discovery:discover_packages(path) discover
[1.592s] Level 1:colcon.colcon_core.package_discovery:discover_packages(path) using defaults
[1.675s] Level 1:colcon.colcon_core.package_discovery:discover_packages(prefix_path) check parameters
[1.675s] Level 1:colcon.colcon_core.package_discovery:discover_packages(prefix_path) discover
[1.687s] DEBUG:colcon.colcon_installed_package_information.package_discovery:Found 2 installed packages in /home/tx2/roadside_unit_ros2/install
[1.688s] Level 1:colcon.colcon_core.package_discovery:discover_packages(prefix_path) using defaults
[1.696s] Level 5:colcon.colcon_core.verb:set package 'perception_pkg' build argument 'cmake_args' from command line to 'None'
[1.697s] Level 5:colcon.colcon_core.verb:set package 'perception_pkg' build argument 'cmake_target' from command line to 'None'
[1.697s] Level 5:colcon.colcon_core.verb:set package 'perception_pkg' build argument 'cmake_target_skip_unavailable' from command line to 'False'
[1.697s] Level 5:colcon.colcon_core.verb:set package 'perception_pkg' build argument 'cmake_clean_cache' from command line to 'False'
[1.697s] Level 5:colcon.colcon_core.verb:set package 'perception_pkg' build argument 'cmake_clean_first' from command line to 'False'
[1.697s] Level 5:colcon.colcon_core.verb:set package 'perception_pkg' build argument 'cmake_force_configure' from command line to 'False'
[1.698s] Level 5:colcon.colcon_core.verb:set package 'perception_pkg' build argument 'ament_cmake_args' from command line to 'None'
[1.698s] Level 5:colcon.colcon_core.verb:set package 'perception_pkg' build argument 'catkin_cmake_args' from command line to 'None'
[1.698s] Level 5:colcon.colcon_core.verb:set package 'perception_pkg' build argument 'catkin_skip_building_tests' from command line to 'False'
[1.698s] DEBUG:colcon.colcon_core.verb:Building package 'perception_pkg' with the following arguments: {'ament_cmake_args': None, 'build_base': '/home/tx2/roadside_unit_ros2/build/perception_pkg', 'catkin_cmake_args': None, 'catkin_skip_building_tests': False, 'cmake_args': None, 'cmake_clean_cache': False, 'cmake_clean_first': False, 'cmake_force_configure': False, 'cmake_target': None, 'cmake_target_skip_unavailable': False, 'install_base': '/home/tx2/roadside_unit_ros2/install/perception_pkg', 'merge_install': False, 'path': '/home/tx2/roadside_unit_ros2/src/perception_pkg', 'symlink_install': False, 'test_result_base': None}
[1.700s] Level 5:colcon.colcon_core.verb:set package 'ros_deep_learning' build argument 'cmake_args' from command line to 'None'
[1.700s] Level 5:colcon.colcon_core.verb:set package 'ros_deep_learning' build argument 'cmake_target' from command line to 'None'
[1.701s] Level 5:colcon.colcon_core.verb:set package 'ros_deep_learning' build argument 'cmake_target_skip_unavailable' from command line to 'False'
[1.701s] Level 5:colcon.colcon_core.verb:set package 'ros_deep_learning' build argument 'cmake_clean_cache' from command line to 'False'
[1.701s] Level 5:colcon.colcon_core.verb:set package 'ros_deep_learning' build argument 'cmake_clean_first' from command line to 'False'
[1.701s] Level 5:colcon.colcon_core.verb:set package 'ros_deep_learning' build argument 'cmake_force_configure' from command line to 'False'
[1.701s] Level 5:colcon.colcon_core.verb:set package 'ros_deep_learning' build argument 'ament_cmake_args' from command line to 'None'
[1.701s] Level 5:colcon.colcon_core.verb:set package 'ros_deep_learning' build argument 'catkin_cmake_args' from command line to 'None'
[1.701s] Level 5:colcon.colcon_core.verb:set package 'ros_deep_learning' build argument 'catkin_skip_building_tests' from command line to 'False'
[1.702s] DEBUG:colcon.colcon_core.verb:Building package 'ros_deep_learning' with the following arguments: {'ament_cmake_args': None, 'build_base': '/home/tx2/roadside_unit_ros2/build/ros_deep_learning', 'catkin_cmake_args': None, 'catkin_skip_building_tests': False, 'cmake_args': None, 'cmake_clean_cache': False, 'cmake_clean_first': False, 'cmake_force_configure': False, 'cmake_target': None, 'cmake_target_skip_unavailable': False, 'install_base': '/home/tx2/roadside_unit_ros2/install/ros_deep_learning', 'merge_install': False, 'path': '/home/tx2/roadside_unit_ros2/src/ros_deep_learning', 'symlink_install': False, 'test_result_base': None}
[1.703s] INFO:colcon.colcon_core.executor:Executing jobs using 'parallel' executor
[1.706s] DEBUG:colcon.colcon_parallel_executor.executor.parallel:run_until_complete
[1.708s] INFO:colcon.colcon_ros.task.ament_python.build:Building ROS package in '/home/tx2/roadside_unit_ros2/src/perception_pkg' with build type 'ament_python'
[1.708s] Level 1:colcon.colcon_core.shell:create_environment_hook('perception_pkg', 'ament_prefix_path')
[1.730s] INFO:colcon.colcon_core.plugin_system:Skipping extension 'colcon_core.shell.bat': Not used on non-Windows systems
[1.731s] INFO:colcon.colcon_core.shell:Creating environment hook '/home/tx2/roadside_unit_ros2/install/perception_pkg/share/perception_pkg/hook/ament_prefix_path.ps1'
[1.734s] INFO:colcon.colcon_core.shell:Creating environment descriptor '/home/tx2/roadside_unit_ros2/install/perception_pkg/share/perception_pkg/hook/ament_prefix_path.dsv'
[1.736s] INFO:colcon.colcon_core.shell:Creating environment hook '/home/tx2/roadside_unit_ros2/install/perception_pkg/share/perception_pkg/hook/ament_prefix_path.sh'
[1.740s] INFO:colcon.colcon_core.shell:Skip shell extension 'powershell' for command environment: Not usable outside of PowerShell
[1.740s] DEBUG:colcon.colcon_core.shell:Skip shell extension 'dsv' for command environment
[1.754s] INFO:colcon.colcon_ros.task.ament_cmake.build:Building ROS package in '/home/tx2/roadside_unit_ros2/src/ros_deep_learning' with build type 'ament_cmake'
[1.755s] INFO:colcon.colcon_cmake.task.cmake.build:Building CMake package in '/home/tx2/roadside_unit_ros2/src/ros_deep_learning'
[1.757s] INFO:colcon.colcon_core.shell:Skip shell extension 'powershell' for command environment: Not usable outside of PowerShell
[1.758s] DEBUG:colcon.colcon_core.shell:Skip shell extension 'dsv' for command environment
[2.702s] INFO:colcon.colcon_core.task.python.build:Building Python package in '/home/tx2/roadside_unit_ros2/src/perception_pkg'
[2.704s] INFO:colcon.colcon_core.shell:Skip shell extension 'powershell' for command environment: Not usable outside of PowerShell
[2.705s] DEBUG:colcon.colcon_core.shell:Skip shell extension 'dsv' for command environment
[2.736s] DEBUG:colcon.colcon_core.event_handler.log_command:Invoking command in '/home/tx2/roadside_unit_ros2/build/ros_deep_learning': CMAKE_PREFIX_PATH=${CMAKE_PREFIX_PATH}:/home/tx2/roadside_unit_ros2/install/perception_pkg /usr/bin/cmake --build /home/tx2/roadside_unit_ros2/build/ros_deep_learning -- -j4 -l4
[3.155s] DEBUG:colcon.colcon_core.event_handler.log_command:Invoked command in '/home/tx2/roadside_unit_ros2/build/ros_deep_learning' returned '0': CMAKE_PREFIX_PATH=${CMAKE_PREFIX_PATH}:/home/tx2/roadside_unit_ros2/install/perception_pkg /usr/bin/cmake --build /home/tx2/roadside_unit_ros2/build/ros_deep_learning -- -j4 -l4
[3.323s] DEBUG:colcon.colcon_core.event_handler.log_command:Invoking command in '/home/tx2/roadside_unit_ros2/build/ros_deep_learning': CMAKE_PREFIX_PATH=${CMAKE_PREFIX_PATH}:/home/tx2/roadside_unit_ros2/install/perception_pkg /usr/bin/cmake --build /home/tx2/roadside_unit_ros2/build/ros_deep_learning --target install -- -j4 -l4
[3.808s] Level 1:colcon.colcon_core.environment:create_environment_scripts_only(ros_deep_learning)
[3.819s] DEBUG:colcon.colcon_core.event_handler.log_command:Invoked command in '/home/tx2/roadside_unit_ros2/build/ros_deep_learning' returned '0': CMAKE_PREFIX_PATH=${CMAKE_PREFIX_PATH}:/home/tx2/roadside_unit_ros2/install/perception_pkg /usr/bin/cmake --build /home/tx2/roadside_unit_ros2/build/ros_deep_learning --target install -- -j4 -l4
[3.827s] Level 1:colcon.colcon_core.environment:checking '/home/tx2/roadside_unit_ros2/install/ros_deep_learning' for CMake module files
[3.832s] Level 1:colcon.colcon_core.environment:checking '/home/tx2/roadside_unit_ros2/install/ros_deep_learning' for CMake config files
[3.834s] Level 1:colcon.colcon_core.shell:create_environment_hook('ros_deep_learning', 'cmake_prefix_path')
[3.835s] INFO:colcon.colcon_core.shell:Creating environment hook '/home/tx2/roadside_unit_ros2/install/ros_deep_learning/share/ros_deep_learning/hook/cmake_prefix_path.ps1'
[3.837s] INFO:colcon.colcon_core.shell:Creating environment descriptor '/home/tx2/roadside_unit_ros2/install/ros_deep_learning/share/ros_deep_learning/hook/cmake_prefix_path.dsv'
[3.839s] INFO:colcon.colcon_core.shell:Creating environment hook '/home/tx2/roadside_unit_ros2/install/ros_deep_learning/share/ros_deep_learning/hook/cmake_prefix_path.sh'
[3.842s] Level 1:colcon.colcon_core.environment:checking '/home/tx2/roadside_unit_ros2/install/ros_deep_learning/lib'
[3.843s] Level 1:colcon.colcon_core.environment:checking '/home/tx2/roadside_unit_ros2/install/ros_deep_learning/bin'
[3.844s] Level 1:colcon.colcon_core.environment:checking '/home/tx2/roadside_unit_ros2/install/ros_deep_learning/lib/pkgconfig/ros_deep_learning.pc'
[3.844s] Level 1:colcon.colcon_core.environment:checking '/home/tx2/roadside_unit_ros2/install/ros_deep_learning/lib/python3.6/site-packages'
[3.845s] Level 1:colcon.colcon_core.environment:checking '/home/tx2/roadside_unit_ros2/install/ros_deep_learning/bin'
[3.847s] INFO:colcon.colcon_core.shell:Creating package script '/home/tx2/roadside_unit_ros2/install/ros_deep_learning/share/ros_deep_learning/package.ps1'
[3.851s] INFO:colcon.colcon_core.shell:Creating package descriptor '/home/tx2/roadside_unit_ros2/install/ros_deep_learning/share/ros_deep_learning/package.dsv'
[3.853s] INFO:colcon.colcon_core.shell:Creating package script '/home/tx2/roadside_unit_ros2/install/ros_deep_learning/share/ros_deep_learning/package.sh'
[3.857s] INFO:colcon.colcon_core.shell:Creating package script '/home/tx2/roadside_unit_ros2/install/ros_deep_learning/share/ros_deep_learning/package.bash'
[3.861s] INFO:colcon.colcon_core.shell:Creating package script '/home/tx2/roadside_unit_ros2/install/ros_deep_learning/share/ros_deep_learning/package.zsh'
[3.865s] Level 1:colcon.colcon_core.environment:create_file_with_runtime_dependencies(/home/tx2/roadside_unit_ros2/install/ros_deep_learning/share/colcon-core/packages/ros_deep_learning)
[4.007s] Level 1:colcon.colcon_core.environment:create_environment_scripts_only(ros_deep_learning)
[4.009s] Level 1:colcon.colcon_core.environment:checking '/home/tx2/roadside_unit_ros2/install/ros_deep_learning' for CMake module files
[4.012s] Level 1:colcon.colcon_core.environment:checking '/home/tx2/roadside_unit_ros2/install/ros_deep_learning' for CMake config files
[4.014s] Level 1:colcon.colcon_core.shell:create_environment_hook('ros_deep_learning', 'cmake_prefix_path')
[4.015s] INFO:colcon.colcon_core.shell:Creating environment hook '/home/tx2/roadside_unit_ros2/install/ros_deep_learning/share/ros_deep_learning/hook/cmake_prefix_path.ps1'
[4.017s] INFO:colcon.colcon_core.shell:Creating environment descriptor '/home/tx2/roadside_unit_ros2/install/ros_deep_learning/share/ros_deep_learning/hook/cmake_prefix_path.dsv'
[4.018s] INFO:colcon.colcon_core.shell:Creating environment hook '/home/tx2/roadside_unit_ros2/install/ros_deep_learning/share/ros_deep_learning/hook/cmake_prefix_path.sh'
[4.021s] Level 1:colcon.colcon_core.environment:checking '/home/tx2/roadside_unit_ros2/install/ros_deep_learning/lib'
[4.022s] Level 1:colcon.colcon_core.environment:checking '/home/tx2/roadside_unit_ros2/install/ros_deep_learning/bin'
[4.022s] Level 1:colcon.colcon_core.environment:checking '/home/tx2/roadside_unit_ros2/install/ros_deep_learning/lib/pkgconfig/ros_deep_learning.pc'
[4.023s] Level 1:colcon.colcon_core.environment:checking '/home/tx2/roadside_unit_ros2/install/ros_deep_learning/lib/python3.6/site-packages'
[4.023s] Level 1:colcon.colcon_core.environment:checking '/home/tx2/roadside_unit_ros2/install/ros_deep_learning/bin'
[4.025s] INFO:colcon.colcon_core.shell:Creating package script '/home/tx2/roadside_unit_ros2/install/ros_deep_learning/share/ros_deep_learning/package.ps1'
[4.027s] INFO:colcon.colcon_core.shell:Creating package descriptor '/home/tx2/roadside_unit_ros2/install/ros_deep_learning/share/ros_deep_learning/package.dsv'
[4.029s] INFO:colcon.colcon_core.shell:Creating package script '/home/tx2/roadside_unit_ros2/install/ros_deep_learning/share/ros_deep_learning/package.sh'
[4.031s] INFO:colcon.colcon_core.shell:Creating package script '/home/tx2/roadside_unit_ros2/install/ros_deep_learning/share/ros_deep_learning/package.bash'
[4.033s] INFO:colcon.colcon_core.shell:Creating package script '/home/tx2/roadside_unit_ros2/install/ros_deep_learning/share/ros_deep_learning/package.zsh'
[4.035s] Level 1:colcon.colcon_core.environment:create_file_with_runtime_dependencies(/home/tx2/roadside_unit_ros2/install/ros_deep_learning/share/colcon-core/packages/ros_deep_learning)
[4.526s] DEBUG:colcon.colcon_core.event_handler.log_command:Invoking command in '/home/tx2/roadside_unit_ros2/src/perception_pkg': PYTHONPATH=/home/tx2/roadside_unit_ros2/build/perception_pkg/prefix_override:/home/tx2/roadside_unit_ros2/install/perception_pkg/lib/python3.6/site-packages:${PYTHONPATH} /usr/bin/python3 setup.py egg_info --egg-base ../../build/perception_pkg build --build-base /home/tx2/roadside_unit_ros2/build/perception_pkg/build install --record /home/tx2/roadside_unit_ros2/build/perception_pkg/install.log --install-scripts $base/lib/perception_pkg --single-version-externally-managed
[5.698s] Level 1:colcon.colcon_core.environment:checking '/home/tx2/roadside_unit_ros2/install/perception_pkg' for CMake module files
[5.703s] DEBUG:colcon.colcon_core.event_handler.log_command:Invoked command in '/home/tx2/roadside_unit_ros2/src/perception_pkg' returned '0': PYTHONPATH=/home/tx2/roadside_unit_ros2/build/perception_pkg/prefix_override:/home/tx2/roadside_unit_ros2/install/perception_pkg/lib/python3.6/site-packages:${PYTHONPATH} /usr/bin/python3 setup.py egg_info --egg-base ../../build/perception_pkg build --build-base /home/tx2/roadside_unit_ros2/build/perception_pkg/build install --record /home/tx2/roadside_unit_ros2/build/perception_pkg/install.log --install-scripts $base/lib/perception_pkg --single-version-externally-managed
[5.704s] Level 1:colcon.colcon_core.environment:checking '/home/tx2/roadside_unit_ros2/install/perception_pkg' for CMake config files
[5.708s] Level 1:colcon.colcon_core.environment:checking '/home/tx2/roadside_unit_ros2/install/perception_pkg/lib'
[5.708s] Level 1:colcon.colcon_core.environment:checking '/home/tx2/roadside_unit_ros2/install/perception_pkg/bin'
[5.708s] Level 1:colcon.colcon_core.environment:checking '/home/tx2/roadside_unit_ros2/install/perception_pkg/lib/pkgconfig/perception_pkg.pc'
[5.709s] Level 1:colcon.colcon_core.environment:checking '/home/tx2/roadside_unit_ros2/install/perception_pkg/lib/python3.6/site-packages'
[5.709s] Level 1:colcon.colcon_core.shell:create_environment_hook('perception_pkg', 'pythonpath')
[5.711s] INFO:colcon.colcon_core.shell:Creating environment hook '/home/tx2/roadside_unit_ros2/install/perception_pkg/share/perception_pkg/hook/pythonpath.ps1'
[5.712s] INFO:colcon.colcon_core.shell:Creating environment descriptor '/home/tx2/roadside_unit_ros2/install/perception_pkg/share/perception_pkg/hook/pythonpath.dsv'
[5.714s] INFO:colcon.colcon_core.shell:Creating environment hook '/home/tx2/roadside_unit_ros2/install/perception_pkg/share/perception_pkg/hook/pythonpath.sh'
[5.716s] Level 1:colcon.colcon_core.environment:checking '/home/tx2/roadside_unit_ros2/install/perception_pkg/bin'
[5.716s] Level 1:colcon.colcon_core.environment:create_environment_scripts_only(perception_pkg)
[5.718s] INFO:colcon.colcon_core.shell:Creating package script '/home/tx2/roadside_unit_ros2/install/perception_pkg/share/perception_pkg/package.ps1'
[5.721s] INFO:colcon.colcon_core.shell:Creating package descriptor '/home/tx2/roadside_unit_ros2/install/perception_pkg/share/perception_pkg/package.dsv'
[5.723s] INFO:colcon.colcon_core.shell:Creating package script '/home/tx2/roadside_unit_ros2/install/perception_pkg/share/perception_pkg/package.sh'
[5.724s] INFO:colcon.colcon_core.shell:Creating package script '/home/tx2/roadside_unit_ros2/install/perception_pkg/share/perception_pkg/package.bash'
[5.725s] INFO:colcon.colcon_core.shell:Creating package script '/home/tx2/roadside_unit_ros2/install/perception_pkg/share/perception_pkg/package.zsh'
[5.726s] Level 1:colcon.colcon_core.environment:create_file_with_runtime_dependencies(/home/tx2/roadside_unit_ros2/install/perception_pkg/share/colcon-core/packages/perception_pkg)
[5.728s] DEBUG:colcon.colcon_parallel_executor.executor.parallel:closing loop
[5.729s] DEBUG:colcon.colcon_parallel_executor.executor.parallel:loop closed
[5.730s] DEBUG:colcon.colcon_parallel_executor.executor.parallel:run_until_complete finished with '0'
[5.730s] DEBUG:colcon.colcon_core.event_reactor:joining thread
[5.751s] INFO:colcon.colcon_core.plugin_system:Skipping extension 'colcon_notification.desktop_notification.terminal_notifier': Not used on non-Darwin systems
[5.752s] INFO:colcon.colcon_core.plugin_system:Skipping extension 'colcon_notification.desktop_notification.win32': Not used on non-Windows systems
[5.752s] INFO:colcon.colcon_notification.desktop_notification:Sending desktop notification using 'notify2'
[6.026s] DEBUG:colcon.colcon_core.event_reactor:joined thread
[6.030s] INFO:colcon.colcon_core.shell:Creating prefix script '/home/tx2/roadside_unit_ros2/install/local_setup.ps1'
[6.034s] INFO:colcon.colcon_core.shell:Creating prefix util module '/home/tx2/roadside_unit_ros2/install/_local_setup_util_ps1.py'
[6.045s] INFO:colcon.colcon_core.shell:Creating prefix chain script '/home/tx2/roadside_unit_ros2/install/setup.ps1'
[6.050s] INFO:colcon.colcon_core.shell:Creating prefix script '/home/tx2/roadside_unit_ros2/install/local_setup.sh'
[6.052s] INFO:colcon.colcon_core.shell:Creating prefix util module '/home/tx2/roadside_unit_ros2/install/_local_setup_util_sh.py'
[6.054s] INFO:colcon.colcon_core.shell:Creating prefix chain script '/home/tx2/roadside_unit_ros2/install/setup.sh'
[6.059s] INFO:colcon.colcon_core.shell:Creating prefix script '/home/tx2/roadside_unit_ros2/install/local_setup.bash'
[6.063s] INFO:colcon.colcon_core.shell:Creating prefix chain script '/home/tx2/roadside_unit_ros2/install/setup.bash'
[6.068s] INFO:colcon.colcon_core.shell:Creating prefix script '/home/tx2/roadside_unit_ros2/install/local_setup.zsh'
[6.070s] INFO:colcon.colcon_core.shell:Creating prefix chain script '/home/tx2/roadside_unit_ros2/install/setup.zsh'
