[1.730s] DEBUG:colcon:Command line arguments: ['/usr/bin/colcon', 'build']
[1.730s] DEBUG:colcon:Parsed command line arguments: Namespace(allow_overriding=[], ament_cmake_args=None, base_paths=['.'], build_base='build', catkin_cmake_args=None, catkin_skip_building_tests=False, cmake_args=None, cmake_clean_cache=False, cmake_clean_first=False, cmake_force_configure=False, cmake_target=None, cmake_target_skip_unavailable=False, continue_on_error=False, event_handlers=None, executor='parallel', ignore_user_meta=False, install_base='install', log_base=None, log_level=None, main=<bound method BuildVerb.main of <colcon_core.verb.build.BuildVerb object at 0x7f7e215198>>, merge_install=False, metas=['./colcon.meta'], packages_above=None, packages_above_and_dependencies=None, packages_above_depth=None, packages_end=None, packages_ignore=None, packages_ignore_regex=None, packages_select=None, packages_select_build_failed=False, packages_select_by_dep=None, packages_select_regex=None, packages_select_test_failures=False, packages_skip=None, packages_skip_build_finished=False, packages_skip_by_dep=None, packages_skip_regex=None, packages_skip_test_passed=False, packages_skip_up_to=None, packages_start=None, packages_up_to=None, packages_up_to_regex=None, parallel_workers=4, paths=None, symlink_install=False, test_result_base=None, verb_extension=<colcon_core.verb.build.BuildVerb object at 0x7f7e215198>, verb_name='build', verb_parser=<colcon_defaults.argument_parser.defaults.DefaultArgumentsDecorator object at 0x7f7e215470>)
[1.856s] Level 1:colcon.colcon_core.package_discovery:discover_packages(colcon_meta) check parameters
[1.856s] Level 1:colcon.colcon_core.package_discovery:discover_packages(recursive) check parameters
[1.856s] Level 1:colcon.colcon_core.package_discovery:discover_packages(ignore) check parameters
[1.856s] Level 1:colcon.colcon_core.package_discovery:discover_packages(path) check parameters
[1.857s] Level 1:colcon.colcon_core.package_discovery:discover_packages(colcon_meta) discover
[1.858s] Level 1:colcon.colcon_core.package_discovery:discover_packages(recursive) discover
[1.858s] INFO:colcon.colcon_core.package_discovery:Crawling recursively for packages in '/home/tx2/roadside_unit_ros2'
[1.858s] Level 1:colcon.colcon_core.package_identification:_identify(.) by extensions ['ignore', 'ignore_ament_install']
[1.859s] Level 1:colcon.colcon_core.package_identification:_identify(.) by extension 'ignore'
[1.859s] Level 1:colcon.colcon_core.package_identification:_identify(.) by extension 'ignore_ament_install'
[1.859s] Level 1:colcon.colcon_core.package_identification:_identify(.) by extensions ['colcon_pkg']
[1.860s] Level 1:colcon.colcon_core.package_identification:_identify(.) by extension 'colcon_pkg'
[1.860s] Level 1:colcon.colcon_core.package_identification:_identify(.) by extensions ['colcon_meta']
[1.860s] Level 1:colcon.colcon_core.package_identification:_identify(.) by extension 'colcon_meta'
[1.860s] Level 1:colcon.colcon_core.package_identification:_identify(.) by extensions ['ros']
[1.860s] Level 1:colcon.colcon_core.package_identification:_identify(.) by extension 'ros'
[1.908s] Level 1:colcon.colcon_core.package_identification:_identify(.) by extensions ['cmake', 'python']
[1.908s] Level 1:colcon.colcon_core.package_identification:_identify(.) by extension 'cmake'
[1.908s] Level 1:colcon.colcon_core.package_identification:_identify(.) by extension 'python'
[1.909s] Level 1:colcon.colcon_core.package_identification:_identify(.) by extensions ['python_setup_py']
[1.909s] Level 1:colcon.colcon_core.package_identification:_identify(.) by extension 'python_setup_py'
[1.909s] Level 1:colcon.colcon_core.package_identification:_identify(build) by extensions ['ignore', 'ignore_ament_install']
[1.910s] Level 1:colcon.colcon_core.package_identification:_identify(build) by extension 'ignore'
[1.910s] Level 1:colcon.colcon_core.package_identification:_identify(build) ignored
[1.911s] Level 1:colcon.colcon_core.package_identification:_identify(install) by extensions ['ignore', 'ignore_ament_install']
[1.912s] Level 1:colcon.colcon_core.package_identification:_identify(install) by extension 'ignore'
[1.912s] Level 1:colcon.colcon_core.package_identification:_identify(install) ignored
[1.912s] Level 1:colcon.colcon_core.package_identification:_identify(launch) by extensions ['ignore', 'ignore_ament_install']
[1.913s] Level 1:colcon.colcon_core.package_identification:_identify(launch) by extension 'ignore'
[1.913s] Level 1:colcon.colcon_core.package_identification:_identify(launch) by extension 'ignore_ament_install'
[1.913s] Level 1:colcon.colcon_core.package_identification:_identify(launch) by extensions ['colcon_pkg']
[1.913s] Level 1:colcon.colcon_core.package_identification:_identify(launch) by extension 'colcon_pkg'
[1.913s] Level 1:colcon.colcon_core.package_identification:_identify(launch) by extensions ['colcon_meta']
[1.914s] Level 1:colcon.colcon_core.package_identification:_identify(launch) by extension 'colcon_meta'
[1.914s] Level 1:colcon.colcon_core.package_identification:_identify(launch) by extensions ['ros']
[1.914s] Level 1:colcon.colcon_core.package_identification:_identify(launch) by extension 'ros'
[1.914s] Level 1:colcon.colcon_core.package_identification:_identify(launch) by extensions ['cmake', 'python']
[1.914s] Level 1:colcon.colcon_core.package_identification:_identify(launch) by extension 'cmake'
[1.915s] Level 1:colcon.colcon_core.package_identification:_identify(launch) by extension 'python'
[1.915s] Level 1:colcon.colcon_core.package_identification:_identify(launch) by extensions ['python_setup_py']
[1.915s] Level 1:colcon.colcon_core.package_identification:_identify(launch) by extension 'python_setup_py'
[1.916s] Level 1:colcon.colcon_core.package_identification:_identify(log) by extensions ['ignore', 'ignore_ament_install']
[1.916s] Level 1:colcon.colcon_core.package_identification:_identify(log) by extension 'ignore'
[1.916s] Level 1:colcon.colcon_core.package_identification:_identify(log) ignored
[1.916s] Level 1:colcon.colcon_core.package_identification:_identify(src) by extensions ['ignore', 'ignore_ament_install']
[1.917s] Level 1:colcon.colcon_core.package_identification:_identify(src) by extension 'ignore'
[1.917s] Level 1:colcon.colcon_core.package_identification:_identify(src) by extension 'ignore_ament_install'
[1.917s] Level 1:colcon.colcon_core.package_identification:_identify(src) by extensions ['colcon_pkg']
[1.917s] Level 1:colcon.colcon_core.package_identification:_identify(src) by extension 'colcon_pkg'
[1.918s] Level 1:colcon.colcon_core.package_identification:_identify(src) by extensions ['colcon_meta']
[1.918s] Level 1:colcon.colcon_core.package_identification:_identify(src) by extension 'colcon_meta'
[1.918s] Level 1:colcon.colcon_core.package_identification:_identify(src) by extensions ['ros']
[1.918s] Level 1:colcon.colcon_core.package_identification:_identify(src) by extension 'ros'
[1.918s] Level 1:colcon.colcon_core.package_identification:_identify(src) by extensions ['cmake', 'python']
[1.919s] Level 1:colcon.colcon_core.package_identification:_identify(src) by extension 'cmake'
[1.919s] Level 1:colcon.colcon_core.package_identification:_identify(src) by extension 'python'
[1.919s] Level 1:colcon.colcon_core.package_identification:_identify(src) by extensions ['python_setup_py']
[1.919s] Level 1:colcon.colcon_core.package_identification:_identify(src) by extension 'python_setup_py'
[1.919s] Level 1:colcon.colcon_core.package_identification:_identify(src/perception_pkg) by extensions ['ignore', 'ignore_ament_install']
[1.920s] Level 1:colcon.colcon_core.package_identification:_identify(src/perception_pkg) by extension 'ignore'
[1.920s] Level 1:colcon.colcon_core.package_identification:_identify(src/perception_pkg) by extension 'ignore_ament_install'
[1.920s] Level 1:colcon.colcon_core.package_identification:_identify(src/perception_pkg) by extensions ['colcon_pkg']
[1.920s] Level 1:colcon.colcon_core.package_identification:_identify(src/perception_pkg) by extension 'colcon_pkg'
[1.921s] Level 1:colcon.colcon_core.package_identification:_identify(src/perception_pkg) by extensions ['colcon_meta']
[1.921s] Level 1:colcon.colcon_core.package_identification:_identify(src/perception_pkg) by extension 'colcon_meta'
[1.921s] Level 1:colcon.colcon_core.package_identification:_identify(src/perception_pkg) by extensions ['ros']
[1.921s] Level 1:colcon.colcon_core.package_identification:_identify(src/perception_pkg) by extension 'ros'
[1.944s] DEBUG:colcon.colcon_core.package_identification:Package 'src/perception_pkg' with type 'ros.ament_python' and name 'perception_pkg'
[1.945s] Level 1:colcon.colcon_core.package_identification:_identify(src/ros_deep_learning) by extensions ['ignore', 'ignore_ament_install']
[1.946s] Level 1:colcon.colcon_core.package_identification:_identify(src/ros_deep_learning) by extension 'ignore'
[1.946s] Level 1:colcon.colcon_core.package_identification:_identify(src/ros_deep_learning) by extension 'ignore_ament_install'
[1.946s] Level 1:colcon.colcon_core.package_identification:_identify(src/ros_deep_learning) by extensions ['colcon_pkg']
[1.946s] Level 1:colcon.colcon_core.package_identification:_identify(src/ros_deep_learning) by extension 'colcon_pkg'
[1.947s] Level 1:colcon.colcon_core.package_identification:_identify(src/ros_deep_learning) by extensions ['colcon_meta']
[1.947s] Level 1:colcon.colcon_core.package_identification:_identify(src/ros_deep_learning) by extension 'colcon_meta'
[1.947s] Level 1:colcon.colcon_core.package_identification:_identify(src/ros_deep_learning) by extensions ['ros']
[1.947s] Level 1:colcon.colcon_core.package_identification:_identify(src/ros_deep_learning) by extension 'ros'
[1.956s] DEBUG:colcon.colcon_core.package_identification:Package 'src/ros_deep_learning' with type 'ros.ament_cmake' and name 'ros_deep_learning'
[1.956s] Level 1:colcon.colcon_core.package_discovery:discover_packages(recursive) using defaults
[1.957s] Level 1:colcon.colcon_core.package_discovery:discover_packages(ignore) discover
[1.957s] Level 1:colcon.colcon_core.package_discovery:discover_packages(ignore) using defaults
[1.958s] Level 1:colcon.colcon_core.package_discovery:discover_packages(path) discover
[1.958s] Level 1:colcon.colcon_core.package_discovery:discover_packages(path) using defaults
[2.050s] Level 1:colcon.colcon_core.package_discovery:discover_packages(prefix_path) check parameters
[2.050s] Level 1:colcon.colcon_core.package_discovery:discover_packages(prefix_path) discover
[2.070s] DEBUG:colcon.colcon_installed_package_information.package_discovery:Found 2 installed packages in /home/tx2/roadside_unit_ros2/install
[2.077s] DEBUG:colcon.colcon_installed_package_information.package_discovery:Found 236 installed packages in /opt/ros/eloquent
[2.087s] Level 1:colcon.colcon_core.package_discovery:discover_packages(prefix_path) using defaults
[2.624s] Level 5:colcon.colcon_core.verb:set package 'perception_pkg' build argument 'cmake_args' from command line to 'None'
[2.624s] Level 5:colcon.colcon_core.verb:set package 'perception_pkg' build argument 'cmake_target' from command line to 'None'
[2.624s] Level 5:colcon.colcon_core.verb:set package 'perception_pkg' build argument 'cmake_target_skip_unavailable' from command line to 'False'
[2.625s] Level 5:colcon.colcon_core.verb:set package 'perception_pkg' build argument 'cmake_clean_cache' from command line to 'False'
[2.625s] Level 5:colcon.colcon_core.verb:set package 'perception_pkg' build argument 'cmake_clean_first' from command line to 'False'
[2.625s] Level 5:colcon.colcon_core.verb:set package 'perception_pkg' build argument 'cmake_force_configure' from command line to 'False'
[2.625s] Level 5:colcon.colcon_core.verb:set package 'perception_pkg' build argument 'ament_cmake_args' from command line to 'None'
[2.625s] Level 5:colcon.colcon_core.verb:set package 'perception_pkg' build argument 'catkin_cmake_args' from command line to 'None'
[2.625s] Level 5:colcon.colcon_core.verb:set package 'perception_pkg' build argument 'catkin_skip_building_tests' from command line to 'False'
[2.626s] DEBUG:colcon.colcon_core.verb:Building package 'perception_pkg' with the following arguments: {'ament_cmake_args': None, 'build_base': '/home/tx2/roadside_unit_ros2/build/perception_pkg', 'catkin_cmake_args': None, 'catkin_skip_building_tests': False, 'cmake_args': None, 'cmake_clean_cache': False, 'cmake_clean_first': False, 'cmake_force_configure': False, 'cmake_target': None, 'cmake_target_skip_unavailable': False, 'install_base': '/home/tx2/roadside_unit_ros2/install/perception_pkg', 'merge_install': False, 'path': '/home/tx2/roadside_unit_ros2/src/perception_pkg', 'symlink_install': False, 'test_result_base': None}
[2.628s] Level 5:colcon.colcon_core.verb:set package 'ros_deep_learning' build argument 'cmake_args' from command line to 'None'
[2.628s] Level 5:colcon.colcon_core.verb:set package 'ros_deep_learning' build argument 'cmake_target' from command line to 'None'
[2.628s] Level 5:colcon.colcon_core.verb:set package 'ros_deep_learning' build argument 'cmake_target_skip_unavailable' from command line to 'False'
[2.628s] Level 5:colcon.colcon_core.verb:set package 'ros_deep_learning' build argument 'cmake_clean_cache' from command line to 'False'
[2.628s] Level 5:colcon.colcon_core.verb:set package 'ros_deep_learning' build argument 'cmake_clean_first' from command line to 'False'
[2.629s] Level 5:colcon.colcon_core.verb:set package 'ros_deep_learning' build argument 'cmake_force_configure' from command line to 'False'
[2.629s] Level 5:colcon.colcon_core.verb:set package 'ros_deep_learning' build argument 'ament_cmake_args' from command line to 'None'
[2.629s] Level 5:colcon.colcon_core.verb:set package 'ros_deep_learning' build argument 'catkin_cmake_args' from command line to 'None'
[2.629s] Level 5:colcon.colcon_core.verb:set package 'ros_deep_learning' build argument 'catkin_skip_building_tests' from command line to 'False'
[2.629s] DEBUG:colcon.colcon_core.verb:Building package 'ros_deep_learning' with the following arguments: {'ament_cmake_args': None, 'build_base': '/home/tx2/roadside_unit_ros2/build/ros_deep_learning', 'catkin_cmake_args': None, 'catkin_skip_building_tests': False, 'cmake_args': None, 'cmake_clean_cache': False, 'cmake_clean_first': False, 'cmake_force_configure': False, 'cmake_target': None, 'cmake_target_skip_unavailable': False, 'install_base': '/home/tx2/roadside_unit_ros2/install/ros_deep_learning', 'merge_install': False, 'path': '/home/tx2/roadside_unit_ros2/src/ros_deep_learning', 'symlink_install': False, 'test_result_base': None}
[2.630s] INFO:colcon.colcon_core.executor:Executing jobs using 'parallel' executor
[2.633s] DEBUG:colcon.colcon_parallel_executor.executor.parallel:run_until_complete
[2.635s] INFO:colcon.colcon_ros.task.ament_python.build:Building ROS package in '/home/tx2/roadside_unit_ros2/src/perception_pkg' with build type 'ament_python'
[2.635s] Level 1:colcon.colcon_core.shell:create_environment_hook('perception_pkg', 'ament_prefix_path')
[2.653s] INFO:colcon.colcon_core.plugin_system:Skipping extension 'colcon_core.shell.bat': Not used on non-Windows systems
[2.654s] INFO:colcon.colcon_core.shell:Creating environment hook '/home/tx2/roadside_unit_ros2/install/perception_pkg/share/perception_pkg/hook/ament_prefix_path.ps1'
[2.660s] INFO:colcon.colcon_core.shell:Creating environment descriptor '/home/tx2/roadside_unit_ros2/install/perception_pkg/share/perception_pkg/hook/ament_prefix_path.dsv'
[2.663s] INFO:colcon.colcon_core.shell:Creating environment hook '/home/tx2/roadside_unit_ros2/install/perception_pkg/share/perception_pkg/hook/ament_prefix_path.sh'
[2.669s] INFO:colcon.colcon_core.shell:Skip shell extension 'powershell' for command environment: Not usable outside of PowerShell
[2.670s] DEBUG:colcon.colcon_core.shell:Skip shell extension 'dsv' for command environment
[2.692s] INFO:colcon.colcon_ros.task.ament_cmake.build:Building ROS package in '/home/tx2/roadside_unit_ros2/src/ros_deep_learning' with build type 'ament_cmake'
[2.694s] INFO:colcon.colcon_cmake.task.cmake.build:Building CMake package in '/home/tx2/roadside_unit_ros2/src/ros_deep_learning'
[2.696s] INFO:colcon.colcon_core.shell:Skip shell extension 'powershell' for command environment: Not usable outside of PowerShell
[2.697s] DEBUG:colcon.colcon_core.shell:Skip shell extension 'dsv' for command environment
[3.735s] INFO:colcon.colcon_core.task.python.build:Building Python package in '/home/tx2/roadside_unit_ros2/src/perception_pkg'
[3.738s] INFO:colcon.colcon_core.shell:Skip shell extension 'powershell' for command environment: Not usable outside of PowerShell
[3.738s] DEBUG:colcon.colcon_core.shell:Skip shell extension 'dsv' for command environment
[3.776s] DEBUG:colcon.colcon_core.event_handler.log_command:Invoking command in '/home/tx2/roadside_unit_ros2/build/ros_deep_learning': CMAKE_PREFIX_PATH=${CMAKE_PREFIX_PATH}:/home/tx2/roadside_unit_ros2/install/perception_pkg:/opt/ros/eloquent /usr/bin/cmake --build /home/tx2/roadside_unit_ros2/build/ros_deep_learning -- -j4 -l4
[4.388s] DEBUG:colcon.colcon_core.event_handler.log_command:Invoked command in '/home/tx2/roadside_unit_ros2/build/ros_deep_learning' returned '0': CMAKE_PREFIX_PATH=${CMAKE_PREFIX_PATH}:/home/tx2/roadside_unit_ros2/install/perception_pkg:/opt/ros/eloquent /usr/bin/cmake --build /home/tx2/roadside_unit_ros2/build/ros_deep_learning -- -j4 -l4
[4.563s] DEBUG:colcon.colcon_core.event_handler.log_command:Invoking command in '/home/tx2/roadside_unit_ros2/build/ros_deep_learning': CMAKE_PREFIX_PATH=${CMAKE_PREFIX_PATH}:/home/tx2/roadside_unit_ros2/install/perception_pkg:/opt/ros/eloquent /usr/bin/cmake --build /home/tx2/roadside_unit_ros2/build/ros_deep_learning --target install -- -j4 -l4
[5.264s] Level 1:colcon.colcon_core.environment:create_environment_scripts_only(ros_deep_learning)
[5.270s] DEBUG:colcon.colcon_core.event_handler.log_command:Invoked command in '/home/tx2/roadside_unit_ros2/build/ros_deep_learning' returned '0': CMAKE_PREFIX_PATH=${CMAKE_PREFIX_PATH}:/home/tx2/roadside_unit_ros2/install/perception_pkg:/opt/ros/eloquent /usr/bin/cmake --build /home/tx2/roadside_unit_ros2/build/ros_deep_learning --target install -- -j4 -l4
[5.299s] Level 1:colcon.colcon_core.environment:checking '/home/tx2/roadside_unit_ros2/install/ros_deep_learning' for CMake module files
[5.303s] Level 1:colcon.colcon_core.environment:checking '/home/tx2/roadside_unit_ros2/install/ros_deep_learning' for CMake config files
[5.305s] Level 1:colcon.colcon_core.shell:create_environment_hook('ros_deep_learning', 'cmake_prefix_path')
[5.309s] INFO:colcon.colcon_core.shell:Creating environment hook '/home/tx2/roadside_unit_ros2/install/ros_deep_learning/share/ros_deep_learning/hook/cmake_prefix_path.ps1'
[5.314s] INFO:colcon.colcon_core.shell:Creating environment descriptor '/home/tx2/roadside_unit_ros2/install/ros_deep_learning/share/ros_deep_learning/hook/cmake_prefix_path.dsv'
[5.316s] INFO:colcon.colcon_core.shell:Creating environment hook '/home/tx2/roadside_unit_ros2/install/ros_deep_learning/share/ros_deep_learning/hook/cmake_prefix_path.sh'
[5.320s] Level 1:colcon.colcon_core.environment:checking '/home/tx2/roadside_unit_ros2/install/ros_deep_learning/lib'
[5.321s] Level 1:colcon.colcon_core.environment:checking '/home/tx2/roadside_unit_ros2/install/ros_deep_learning/bin'
[5.321s] Level 1:colcon.colcon_core.environment:checking '/home/tx2/roadside_unit_ros2/install/ros_deep_learning/lib/pkgconfig/ros_deep_learning.pc'
[5.322s] Level 1:colcon.colcon_core.environment:checking '/home/tx2/roadside_unit_ros2/install/ros_deep_learning/lib/python3.6/site-packages'
[5.323s] Level 1:colcon.colcon_core.environment:checking '/home/tx2/roadside_unit_ros2/install/ros_deep_learning/bin'
[5.326s] INFO:colcon.colcon_core.shell:Creating package script '/home/tx2/roadside_unit_ros2/install/ros_deep_learning/share/ros_deep_learning/package.ps1'
[5.332s] INFO:colcon.colcon_core.shell:Creating package descriptor '/home/tx2/roadside_unit_ros2/install/ros_deep_learning/share/ros_deep_learning/package.dsv'
[5.336s] INFO:colcon.colcon_core.shell:Creating package script '/home/tx2/roadside_unit_ros2/install/ros_deep_learning/share/ros_deep_learning/package.sh'
[5.340s] INFO:colcon.colcon_core.shell:Creating package script '/home/tx2/roadside_unit_ros2/install/ros_deep_learning/share/ros_deep_learning/package.bash'
[5.347s] INFO:colcon.colcon_core.shell:Creating package script '/home/tx2/roadside_unit_ros2/install/ros_deep_learning/share/ros_deep_learning/package.zsh'
[5.352s] Level 1:colcon.colcon_core.environment:create_file_with_runtime_dependencies(/home/tx2/roadside_unit_ros2/install/ros_deep_learning/share/colcon-core/packages/ros_deep_learning)
[5.541s] Level 1:colcon.colcon_core.environment:create_environment_scripts_only(ros_deep_learning)
[5.544s] Level 1:colcon.colcon_core.environment:checking '/home/tx2/roadside_unit_ros2/install/ros_deep_learning' for CMake module files
[5.548s] Level 1:colcon.colcon_core.environment:checking '/home/tx2/roadside_unit_ros2/install/ros_deep_learning' for CMake config files
[5.550s] Level 1:colcon.colcon_core.shell:create_environment_hook('ros_deep_learning', 'cmake_prefix_path')
[5.552s] INFO:colcon.colcon_core.shell:Creating environment hook '/home/tx2/roadside_unit_ros2/install/ros_deep_learning/share/ros_deep_learning/hook/cmake_prefix_path.ps1'
[5.554s] INFO:colcon.colcon_core.shell:Creating environment descriptor '/home/tx2/roadside_unit_ros2/install/ros_deep_learning/share/ros_deep_learning/hook/cmake_prefix_path.dsv'
[5.556s] INFO:colcon.colcon_core.shell:Creating environment hook '/home/tx2/roadside_unit_ros2/install/ros_deep_learning/share/ros_deep_learning/hook/cmake_prefix_path.sh'
[5.560s] Level 1:colcon.colcon_core.environment:checking '/home/tx2/roadside_unit_ros2/install/ros_deep_learning/lib'
[5.561s] Level 1:colcon.colcon_core.environment:checking '/home/tx2/roadside_unit_ros2/install/ros_deep_learning/bin'
[5.562s] Level 1:colcon.colcon_core.environment:checking '/home/tx2/roadside_unit_ros2/install/ros_deep_learning/lib/pkgconfig/ros_deep_learning.pc'
[5.563s] Level 1:colcon.colcon_core.environment:checking '/home/tx2/roadside_unit_ros2/install/ros_deep_learning/lib/python3.6/site-packages'
[5.564s] Level 1:colcon.colcon_core.environment:checking '/home/tx2/roadside_unit_ros2/install/ros_deep_learning/bin'
[5.567s] INFO:colcon.colcon_core.shell:Creating package script '/home/tx2/roadside_unit_ros2/install/ros_deep_learning/share/ros_deep_learning/package.ps1'
[5.570s] INFO:colcon.colcon_core.shell:Creating package descriptor '/home/tx2/roadside_unit_ros2/install/ros_deep_learning/share/ros_deep_learning/package.dsv'
[5.572s] INFO:colcon.colcon_core.shell:Creating package script '/home/tx2/roadside_unit_ros2/install/ros_deep_learning/share/ros_deep_learning/package.sh'
[5.575s] INFO:colcon.colcon_core.shell:Creating package script '/home/tx2/roadside_unit_ros2/install/ros_deep_learning/share/ros_deep_learning/package.bash'
[5.578s] INFO:colcon.colcon_core.shell:Creating package script '/home/tx2/roadside_unit_ros2/install/ros_deep_learning/share/ros_deep_learning/package.zsh'
[5.581s] Level 1:colcon.colcon_core.environment:create_file_with_runtime_dependencies(/home/tx2/roadside_unit_ros2/install/ros_deep_learning/share/colcon-core/packages/ros_deep_learning)
[6.167s] DEBUG:colcon.colcon_core.event_handler.log_command:Invoking command in '/home/tx2/roadside_unit_ros2/src/perception_pkg': PYTHONPATH=/home/tx2/roadside_unit_ros2/build/perception_pkg/prefix_override:/home/tx2/roadside_unit_ros2/install/perception_pkg/lib/python3.6/site-packages:${PYTHONPATH} /usr/bin/python3 setup.py egg_info --egg-base ../../build/perception_pkg build --build-base /home/tx2/roadside_unit_ros2/build/perception_pkg/build install --record /home/tx2/roadside_unit_ros2/build/perception_pkg/install.log --install-scripts $base/lib/perception_pkg --single-version-externally-managed
[7.469s] Level 1:colcon.colcon_core.environment:checking '/home/tx2/roadside_unit_ros2/install/perception_pkg' for CMake module files
[7.473s] DEBUG:colcon.colcon_core.event_handler.log_command:Invoked command in '/home/tx2/roadside_unit_ros2/src/perception_pkg' returned '0': PYTHONPATH=/home/tx2/roadside_unit_ros2/build/perception_pkg/prefix_override:/home/tx2/roadside_unit_ros2/install/perception_pkg/lib/python3.6/site-packages:${PYTHONPATH} /usr/bin/python3 setup.py egg_info --egg-base ../../build/perception_pkg build --build-base /home/tx2/roadside_unit_ros2/build/perception_pkg/build install --record /home/tx2/roadside_unit_ros2/build/perception_pkg/install.log --install-scripts $base/lib/perception_pkg --single-version-externally-managed
[7.475s] Level 1:colcon.colcon_core.environment:checking '/home/tx2/roadside_unit_ros2/install/perception_pkg' for CMake config files
[7.481s] Level 1:colcon.colcon_core.environment:checking '/home/tx2/roadside_unit_ros2/install/perception_pkg/lib'
[7.482s] Level 1:colcon.colcon_core.environment:checking '/home/tx2/roadside_unit_ros2/install/perception_pkg/bin'
[7.482s] Level 1:colcon.colcon_core.environment:checking '/home/tx2/roadside_unit_ros2/install/perception_pkg/lib/pkgconfig/perception_pkg.pc'
[7.483s] Level 1:colcon.colcon_core.environment:checking '/home/tx2/roadside_unit_ros2/install/perception_pkg/lib/python3.6/site-packages'
[7.483s] Level 1:colcon.colcon_core.shell:create_environment_hook('perception_pkg', 'pythonpath')
[7.485s] INFO:colcon.colcon_core.shell:Creating environment hook '/home/tx2/roadside_unit_ros2/install/perception_pkg/share/perception_pkg/hook/pythonpath.ps1'
[7.486s] INFO:colcon.colcon_core.shell:Creating environment descriptor '/home/tx2/roadside_unit_ros2/install/perception_pkg/share/perception_pkg/hook/pythonpath.dsv'
[7.487s] INFO:colcon.colcon_core.shell:Creating environment hook '/home/tx2/roadside_unit_ros2/install/perception_pkg/share/perception_pkg/hook/pythonpath.sh'
[7.489s] Level 1:colcon.colcon_core.environment:checking '/home/tx2/roadside_unit_ros2/install/perception_pkg/bin'
[7.490s] Level 1:colcon.colcon_core.environment:create_environment_scripts_only(perception_pkg)
[7.492s] INFO:colcon.colcon_core.shell:Creating package script '/home/tx2/roadside_unit_ros2/install/perception_pkg/share/perception_pkg/package.ps1'
[7.494s] INFO:colcon.colcon_core.shell:Creating package descriptor '/home/tx2/roadside_unit_ros2/install/perception_pkg/share/perception_pkg/package.dsv'
[7.495s] INFO:colcon.colcon_core.shell:Creating package script '/home/tx2/roadside_unit_ros2/install/perception_pkg/share/perception_pkg/package.sh'
[7.497s] INFO:colcon.colcon_core.shell:Creating package script '/home/tx2/roadside_unit_ros2/install/perception_pkg/share/perception_pkg/package.bash'
[7.498s] INFO:colcon.colcon_core.shell:Creating package script '/home/tx2/roadside_unit_ros2/install/perception_pkg/share/perception_pkg/package.zsh'
[7.499s] Level 1:colcon.colcon_core.environment:create_file_with_runtime_dependencies(/home/tx2/roadside_unit_ros2/install/perception_pkg/share/colcon-core/packages/perception_pkg)
[7.500s] DEBUG:colcon.colcon_parallel_executor.executor.parallel:closing loop
[7.502s] DEBUG:colcon.colcon_parallel_executor.executor.parallel:loop closed
[7.502s] DEBUG:colcon.colcon_parallel_executor.executor.parallel:run_until_complete finished with '0'
[7.503s] DEBUG:colcon.colcon_core.event_reactor:joining thread
[7.541s] INFO:colcon.colcon_core.plugin_system:Skipping extension 'colcon_notification.desktop_notification.terminal_notifier': Not used on non-Darwin systems
[7.542s] INFO:colcon.colcon_core.plugin_system:Skipping extension 'colcon_notification.desktop_notification.win32': Not used on non-Windows systems
[7.542s] INFO:colcon.colcon_notification.desktop_notification:Sending desktop notification using 'notify2'
[7.836s] DEBUG:colcon.colcon_core.event_reactor:joined thread
[7.838s] INFO:colcon.colcon_core.shell:Creating prefix script '/home/tx2/roadside_unit_ros2/install/local_setup.ps1'
[7.848s] INFO:colcon.colcon_core.shell:Creating prefix util module '/home/tx2/roadside_unit_ros2/install/_local_setup_util_ps1.py'
[7.857s] INFO:colcon.colcon_core.shell:Creating prefix chain script '/home/tx2/roadside_unit_ros2/install/setup.ps1'
[7.863s] INFO:colcon.colcon_core.shell:Creating prefix script '/home/tx2/roadside_unit_ros2/install/local_setup.sh'
[7.866s] INFO:colcon.colcon_core.shell:Creating prefix util module '/home/tx2/roadside_unit_ros2/install/_local_setup_util_sh.py'
[7.869s] INFO:colcon.colcon_core.shell:Creating prefix chain script '/home/tx2/roadside_unit_ros2/install/setup.sh'
[7.876s] INFO:colcon.colcon_core.shell:Creating prefix script '/home/tx2/roadside_unit_ros2/install/local_setup.bash'
[7.880s] INFO:colcon.colcon_core.shell:Creating prefix chain script '/home/tx2/roadside_unit_ros2/install/setup.bash'
[7.886s] INFO:colcon.colcon_core.shell:Creating prefix script '/home/tx2/roadside_unit_ros2/install/local_setup.zsh'
[7.890s] INFO:colcon.colcon_core.shell:Creating prefix chain script '/home/tx2/roadside_unit_ros2/install/setup.zsh'
