Determining if the pthread_create exist failed with the following output:
Change Dir: /home/tx2/roadside_unit_ros2/build/ros_deep_learning/CMakeFiles/CMakeTmp

Run Build Command:"/usr/bin/make" "cmTC_519c0/fast"
/usr/bin/make -f CMakeFiles/cmTC_519c0.dir/build.make CMakeFiles/cmTC_519c0.dir/build
make[1]: Entering directory '/home/tx2/roadside_unit_ros2/build/ros_deep_learning/CMakeFiles/CMakeTmp'
Building C object CMakeFiles/cmTC_519c0.dir/CheckSymbolExists.c.o
/usr/bin/cc   -fPIC    -o CMakeFiles/cmTC_519c0.dir/CheckSymbolExists.c.o   -c /home/tx2/roadside_unit_ros2/build/ros_deep_learning/CMakeFiles/CMakeTmp/CheckSymbolExists.c
Linking C executable cmTC_519c0
/usr/bin/cmake -E cmake_link_script CMakeFiles/cmTC_519c0.dir/link.txt --verbose=1
/usr/bin/cc -fPIC     CMakeFiles/cmTC_519c0.dir/CheckSymbolExists.c.o  -o cmTC_519c0 
CMakeFiles/cmTC_519c0.dir/CheckSymbolExists.c.o: In function `main':
CheckSymbolExists.c:(.text+0x14): undefined reference to `pthread_create'
CheckSymbolExists.c:(.text+0x18): undefined reference to `pthread_create'
collect2: error: ld returned 1 exit status
CMakeFiles/cmTC_519c0.dir/build.make:97: recipe for target 'cmTC_519c0' failed
make[1]: *** [cmTC_519c0] Error 1
make[1]: Leaving directory '/home/tx2/roadside_unit_ros2/build/ros_deep_learning/CMakeFiles/CMakeTmp'
Makefile:126: recipe for target 'cmTC_519c0/fast' failed
make: *** [cmTC_519c0/fast] Error 2

File /home/tx2/roadside_unit_ros2/build/ros_deep_learning/CMakeFiles/CMakeTmp/CheckSymbolExists.c:
/* */
#include <pthread.h>

int main(int argc, char** argv)
{
  (void)argv;
#ifndef pthread_create
  return ((int*)(&pthread_create))[argc];
#else
  (void)argc;
  return 0;
#endif
}

Determining if the function pthread_create exists in the pthreads failed with the following output:
Change Dir: /home/tx2/roadside_unit_ros2/build/ros_deep_learning/CMakeFiles/CMakeTmp

Run Build Command:"/usr/bin/make" "cmTC_e7406/fast"
/usr/bin/make -f CMakeFiles/cmTC_e7406.dir/build.make CMakeFiles/cmTC_e7406.dir/build
make[1]: Entering directory '/home/tx2/roadside_unit_ros2/build/ros_deep_learning/CMakeFiles/CMakeTmp'
Building C object CMakeFiles/cmTC_e7406.dir/CheckFunctionExists.c.o
/usr/bin/cc   -fPIC -DCHECK_FUNCTION_EXISTS=pthread_create   -o CMakeFiles/cmTC_e7406.dir/CheckFunctionExists.c.o   -c /usr/share/cmake-3.10/Modules/CheckFunctionExists.c
Linking C executable cmTC_e7406
/usr/bin/cmake -E cmake_link_script CMakeFiles/cmTC_e7406.dir/link.txt --verbose=1
/usr/bin/cc -fPIC -DCHECK_FUNCTION_EXISTS=pthread_create    CMakeFiles/cmTC_e7406.dir/CheckFunctionExists.c.o  -o cmTC_e7406 -lpthreads 
/usr/bin/ld: cannot find -lpthreads
collect2: error: ld returned 1 exit status
CMakeFiles/cmTC_e7406.dir/build.make:97: recipe for target 'cmTC_e7406' failed
make[1]: *** [cmTC_e7406] Error 1
make[1]: Leaving directory '/home/tx2/roadside_unit_ros2/build/ros_deep_learning/CMakeFiles/CMakeTmp'
Makefile:126: recipe for target 'cmTC_e7406/fast' failed
make: *** [cmTC_e7406/fast] Error 2


