running egg_info
creating ../../build/perception_pkg/perception_pkg.egg-info
writing ../../build/perception_pkg/perception_pkg.egg-info/PKG-INFO
writing dependency_links to ../../build/perception_pkg/perception_pkg.egg-info/dependency_links.txt
writing entry points to ../../build/perception_pkg/perception_pkg.egg-info/entry_points.txt
writing requirements to ../../build/perception_pkg/perception_pkg.egg-info/requires.txt
writing top-level names to ../../build/perception_pkg/perception_pkg.egg-info/top_level.txt
writing manifest file '../../build/perception_pkg/perception_pkg.egg-info/SOURCES.txt'
reading manifest file '../../build/perception_pkg/perception_pkg.egg-info/SOURCES.txt'
writing manifest file '../../build/perception_pkg/perception_pkg.egg-info/SOURCES.txt'
running build
running build_py
creating /home/tx2/roadside_unit_ros2/build/perception_pkg/build
creating /home/tx2/roadside_unit_ros2/build/perception_pkg/build/lib
creating /home/tx2/roadside_unit_ros2/build/perception_pkg/build/lib/perception_pkg
copying perception_pkg/__init__.py -> /home/tx2/roadside_unit_ros2/build/perception_pkg/build/lib/perception_pkg
copying perception_pkg/scenario_classificator.py -> /home/tx2/roadside_unit_ros2/build/perception_pkg/build/lib/perception_pkg
copying perception_pkg/distance_estimator.py -> /home/tx2/roadside_unit_ros2/build/perception_pkg/build/lib/perception_pkg
running install
running install_lib
creating /home/tx2/roadside_unit_ros2/install/perception_pkg/lib/python3.6/site-packages/perception_pkg
copying /home/tx2/roadside_unit_ros2/build/perception_pkg/build/lib/perception_pkg/__init__.py -> /home/tx2/roadside_unit_ros2/install/perception_pkg/lib/python3.6/site-packages/perception_pkg
copying /home/tx2/roadside_unit_ros2/build/perception_pkg/build/lib/perception_pkg/scenario_classificator.py -> /home/tx2/roadside_unit_ros2/install/perception_pkg/lib/python3.6/site-packages/perception_pkg
copying /home/tx2/roadside_unit_ros2/build/perception_pkg/build/lib/perception_pkg/distance_estimator.py -> /home/tx2/roadside_unit_ros2/install/perception_pkg/lib/python3.6/site-packages/perception_pkg
byte-compiling /home/tx2/roadside_unit_ros2/install/perception_pkg/lib/python3.6/site-packages/perception_pkg/__init__.py to __init__.cpython-36.pyc
byte-compiling /home/tx2/roadside_unit_ros2/install/perception_pkg/lib/python3.6/site-packages/perception_pkg/scenario_classificator.py to scenario_classificator.cpython-36.pyc
byte-compiling /home/tx2/roadside_unit_ros2/install/perception_pkg/lib/python3.6/site-packages/perception_pkg/distance_estimator.py to distance_estimator.cpython-36.pyc
running install_data
creating /home/tx2/roadside_unit_ros2/install/perception_pkg/share/ament_index
creating /home/tx2/roadside_unit_ros2/install/perception_pkg/share/ament_index/resource_index
creating /home/tx2/roadside_unit_ros2/install/perception_pkg/share/ament_index/resource_index/packages
copying resource/perception_pkg -> /home/tx2/roadside_unit_ros2/install/perception_pkg/share/ament_index/resource_index/packages
copying package.xml -> /home/tx2/roadside_unit_ros2/install/perception_pkg/share/perception_pkg
running install_egg_info
Copying ../../build/perception_pkg/perception_pkg.egg-info to /home/tx2/roadside_unit_ros2/install/perception_pkg/lib/python3.6/site-packages/perception_pkg-0.0.0-py3.6.egg-info
running install_scripts
Installing distance_estimator script to /home/tx2/roadside_unit_ros2/install/perception_pkg/lib/perception_pkg
Installing scenario_classificator script to /home/tx2/roadside_unit_ros2/install/perception_pkg/lib/perception_pkg
writing list of installed files to '/home/tx2/roadside_unit_ros2/build/perception_pkg/install.log'
