[1.423s] DEBUG:colcon:Command line arguments: ['/usr/bin/colcon', 'build']
[1.423s] DEBUG:colcon:Parsed command line arguments: Namespace(allow_overriding=[], ament_cmake_args=None, base_paths=['.'], build_base='build', catkin_cmake_args=None, catkin_skip_building_tests=False, cmake_args=None, cmake_clean_cache=False, cmake_clean_first=False, cmake_force_configure=False, cmake_target=None, cmake_target_skip_unavailable=False, continue_on_error=False, event_handlers=None, executor='parallel', ignore_user_meta=False, install_base='install', log_base=None, log_level=None, main=<bound method BuildVerb.main of <colcon_core.verb.build.BuildVerb object at 0x7fad1d1e80>>, merge_install=False, metas=['./colcon.meta'], packages_above=None, packages_above_and_dependencies=None, packages_above_depth=None, packages_end=None, packages_ignore=None, packages_ignore_regex=None, packages_select=None, packages_select_build_failed=False, packages_select_by_dep=None, packages_select_regex=None, packages_select_test_failures=False, packages_skip=None, packages_skip_build_finished=False, packages_skip_by_dep=None, packages_skip_regex=None, packages_skip_test_passed=False, packages_skip_up_to=None, packages_start=None, packages_up_to=None, packages_up_to_regex=None, parallel_workers=4, paths=None, symlink_install=False, test_result_base=None, verb_extension=<colcon_core.verb.build.BuildVerb object at 0x7fad1d1e80>, verb_name='build', verb_parser=<colcon_defaults.argument_parser.defaults.DefaultArgumentsDecorator object at 0x7fad1e3198>)
[1.525s] Level 1:colcon.colcon_core.package_discovery:discover_packages(colcon_meta) check parameters
[1.526s] Level 1:colcon.colcon_core.package_discovery:discover_packages(recursive) check parameters
[1.526s] Level 1:colcon.colcon_core.package_discovery:discover_packages(ignore) check parameters
[1.526s] Level 1:colcon.colcon_core.package_discovery:discover_packages(path) check parameters
[1.526s] Level 1:colcon.colcon_core.package_discovery:discover_packages(colcon_meta) discover
[1.527s] Level 1:colcon.colcon_core.package_discovery:discover_packages(recursive) discover
[1.528s] INFO:colcon.colcon_core.package_discovery:Crawling recursively for packages in '/home/tx2/roadside_unit_ros2'
[1.528s] Level 1:colcon.colcon_core.package_identification:_identify(.) by extensions ['ignore', 'ignore_ament_install']
[1.528s] Level 1:colcon.colcon_core.package_identification:_identify(.) by extension 'ignore'
[1.529s] Level 1:colcon.colcon_core.package_identification:_identify(.) by extension 'ignore_ament_install'
[1.529s] Level 1:colcon.colcon_core.package_identification:_identify(.) by extensions ['colcon_pkg']
[1.529s] Level 1:colcon.colcon_core.package_identification:_identify(.) by extension 'colcon_pkg'
[1.529s] Level 1:colcon.colcon_core.package_identification:_identify(.) by extensions ['colcon_meta']
[1.529s] Level 1:colcon.colcon_core.package_identification:_identify(.) by extension 'colcon_meta'
[1.529s] Level 1:colcon.colcon_core.package_identification:_identify(.) by extensions ['ros']
[1.530s] Level 1:colcon.colcon_core.package_identification:_identify(.) by extension 'ros'
[1.573s] Level 1:colcon.colcon_core.package_identification:_identify(.) by extensions ['cmake', 'python']
[1.573s] Level 1:colcon.colcon_core.package_identification:_identify(.) by extension 'cmake'
[1.573s] Level 1:colcon.colcon_core.package_identification:_identify(.) by extension 'python'
[1.574s] Level 1:colcon.colcon_core.package_identification:_identify(.) by extensions ['python_setup_py']
[1.574s] Level 1:colcon.colcon_core.package_identification:_identify(.) by extension 'python_setup_py'
[1.574s] Level 1:colcon.colcon_core.package_identification:_identify(build) by extensions ['ignore', 'ignore_ament_install']
[1.575s] Level 1:colcon.colcon_core.package_identification:_identify(build) by extension 'ignore'
[1.575s] Level 1:colcon.colcon_core.package_identification:_identify(build) ignored
[1.576s] Level 1:colcon.colcon_core.package_identification:_identify(install) by extensions ['ignore', 'ignore_ament_install']
[1.576s] Level 1:colcon.colcon_core.package_identification:_identify(install) by extension 'ignore'
[1.577s] Level 1:colcon.colcon_core.package_identification:_identify(install) ignored
[1.577s] Level 1:colcon.colcon_core.package_identification:_identify(log) by extensions ['ignore', 'ignore_ament_install']
[1.577s] Level 1:colcon.colcon_core.package_identification:_identify(log) by extension 'ignore'
[1.578s] Level 1:colcon.colcon_core.package_identification:_identify(log) ignored
[1.578s] Level 1:colcon.colcon_core.package_identification:_identify(src) by extensions ['ignore', 'ignore_ament_install']
[1.578s] Level 1:colcon.colcon_core.package_identification:_identify(src) by extension 'ignore'
[1.578s] Level 1:colcon.colcon_core.package_identification:_identify(src) by extension 'ignore_ament_install'
[1.579s] Level 1:colcon.colcon_core.package_identification:_identify(src) by extensions ['colcon_pkg']
[1.579s] Level 1:colcon.colcon_core.package_identification:_identify(src) by extension 'colcon_pkg'
[1.579s] Level 1:colcon.colcon_core.package_identification:_identify(src) by extensions ['colcon_meta']
[1.579s] Level 1:colcon.colcon_core.package_identification:_identify(src) by extension 'colcon_meta'
[1.579s] Level 1:colcon.colcon_core.package_identification:_identify(src) by extensions ['ros']
[1.579s] Level 1:colcon.colcon_core.package_identification:_identify(src) by extension 'ros'
[1.580s] Level 1:colcon.colcon_core.package_identification:_identify(src) by extensions ['cmake', 'python']
[1.580s] Level 1:colcon.colcon_core.package_identification:_identify(src) by extension 'cmake'
[1.580s] Level 1:colcon.colcon_core.package_identification:_identify(src) by extension 'python'
[1.580s] Level 1:colcon.colcon_core.package_identification:_identify(src) by extensions ['python_setup_py']
[1.580s] Level 1:colcon.colcon_core.package_identification:_identify(src) by extension 'python_setup_py'
[1.581s] Level 1:colcon.colcon_core.package_identification:_identify(src/perception_pkg) by extensions ['ignore', 'ignore_ament_install']
[1.581s] Level 1:colcon.colcon_core.package_identification:_identify(src/perception_pkg) by extension 'ignore'
[1.581s] Level 1:colcon.colcon_core.package_identification:_identify(src/perception_pkg) by extension 'ignore_ament_install'
[1.582s] Level 1:colcon.colcon_core.package_identification:_identify(src/perception_pkg) by extensions ['colcon_pkg']
[1.582s] Level 1:colcon.colcon_core.package_identification:_identify(src/perception_pkg) by extension 'colcon_pkg'
[1.582s] Level 1:colcon.colcon_core.package_identification:_identify(src/perception_pkg) by extensions ['colcon_meta']
[1.582s] Level 1:colcon.colcon_core.package_identification:_identify(src/perception_pkg) by extension 'colcon_meta'
[1.582s] Level 1:colcon.colcon_core.package_identification:_identify(src/perception_pkg) by extensions ['ros']
[1.582s] Level 1:colcon.colcon_core.package_identification:_identify(src/perception_pkg) by extension 'ros'
[1.596s] DEBUG:colcon.colcon_core.package_identification:Package 'src/perception_pkg' with type 'ros.ament_python' and name 'perception_pkg'
[1.597s] Level 1:colcon.colcon_core.package_identification:_identify(src/ros_deep_learning) by extensions ['ignore', 'ignore_ament_install']
[1.597s] Level 1:colcon.colcon_core.package_identification:_identify(src/ros_deep_learning) by extension 'ignore'
[1.598s] Level 1:colcon.colcon_core.package_identification:_identify(src/ros_deep_learning) by extension 'ignore_ament_install'
[1.598s] Level 1:colcon.colcon_core.package_identification:_identify(src/ros_deep_learning) by extensions ['colcon_pkg']
[1.598s] Level 1:colcon.colcon_core.package_identification:_identify(src/ros_deep_learning) by extension 'colcon_pkg'
[1.598s] Level 1:colcon.colcon_core.package_identification:_identify(src/ros_deep_learning) by extensions ['colcon_meta']
[1.598s] Level 1:colcon.colcon_core.package_identification:_identify(src/ros_deep_learning) by extension 'colcon_meta'
[1.599s] Level 1:colcon.colcon_core.package_identification:_identify(src/ros_deep_learning) by extensions ['ros']
[1.599s] Level 1:colcon.colcon_core.package_identification:_identify(src/ros_deep_learning) by extension 'ros'
[1.602s] DEBUG:colcon.colcon_core.package_identification:Package 'src/ros_deep_learning' with type 'ros.ament_cmake' and name 'ros_deep_learning'
[1.602s] Level 1:colcon.colcon_core.package_discovery:discover_packages(recursive) using defaults
[1.603s] Level 1:colcon.colcon_core.package_discovery:discover_packages(ignore) discover
[1.603s] Level 1:colcon.colcon_core.package_discovery:discover_packages(ignore) using defaults
[1.604s] Level 1:colcon.colcon_core.package_discovery:discover_packages(path) discover
[1.604s] Level 1:colcon.colcon_core.package_discovery:discover_packages(path) using defaults
[1.680s] Level 1:colcon.colcon_core.package_discovery:discover_packages(prefix_path) check parameters
[1.681s] Level 1:colcon.colcon_core.package_discovery:discover_packages(prefix_path) discover
[1.687s] WARNING:colcon.colcon_ros.prefix_path.ament:The path '/home/tx2/roadside_unit_ros2/install/perception_pkg' in the environment variable AMENT_PREFIX_PATH doesn't exist
[1.687s] WARNING:colcon.colcon_ros.prefix_path.catkin:The path '/home/tx2/roadside_unit_ros2/install/ros_deep_learning' in the environment variable CMAKE_PREFIX_PATH doesn't exist
[1.690s] DEBUG:colcon.colcon_installed_package_information.package_discovery:Found 0 installed packages in /home/tx2/roadside_unit_ros2/install
[1.697s] DEBUG:colcon.colcon_installed_package_information.package_discovery:Found 236 installed packages in /opt/ros/eloquent
[1.707s] Level 1:colcon.colcon_core.package_discovery:discover_packages(prefix_path) using defaults
[2.001s] Level 5:colcon.colcon_core.verb:set package 'perception_pkg' build argument 'cmake_args' from command line to 'None'
[2.001s] Level 5:colcon.colcon_core.verb:set package 'perception_pkg' build argument 'cmake_target' from command line to 'None'
[2.002s] Level 5:colcon.colcon_core.verb:set package 'perception_pkg' build argument 'cmake_target_skip_unavailable' from command line to 'False'
[2.002s] Level 5:colcon.colcon_core.verb:set package 'perception_pkg' build argument 'cmake_clean_cache' from command line to 'False'
[2.002s] Level 5:colcon.colcon_core.verb:set package 'perception_pkg' build argument 'cmake_clean_first' from command line to 'False'
[2.002s] Level 5:colcon.colcon_core.verb:set package 'perception_pkg' build argument 'cmake_force_configure' from command line to 'False'
[2.003s] Level 5:colcon.colcon_core.verb:set package 'perception_pkg' build argument 'ament_cmake_args' from command line to 'None'
[2.003s] Level 5:colcon.colcon_core.verb:set package 'perception_pkg' build argument 'catkin_cmake_args' from command line to 'None'
[2.003s] Level 5:colcon.colcon_core.verb:set package 'perception_pkg' build argument 'catkin_skip_building_tests' from command line to 'False'
[2.004s] DEBUG:colcon.colcon_core.verb:Building package 'perception_pkg' with the following arguments: {'ament_cmake_args': None, 'build_base': '/home/tx2/roadside_unit_ros2/build/perception_pkg', 'catkin_cmake_args': None, 'catkin_skip_building_tests': False, 'cmake_args': None, 'cmake_clean_cache': False, 'cmake_clean_first': False, 'cmake_force_configure': False, 'cmake_target': None, 'cmake_target_skip_unavailable': False, 'install_base': '/home/tx2/roadside_unit_ros2/install/perception_pkg', 'merge_install': False, 'path': '/home/tx2/roadside_unit_ros2/src/perception_pkg', 'symlink_install': False, 'test_result_base': None}
[2.007s] Level 5:colcon.colcon_core.verb:set package 'ros_deep_learning' build argument 'cmake_args' from command line to 'None'
[2.007s] Level 5:colcon.colcon_core.verb:set package 'ros_deep_learning' build argument 'cmake_target' from command line to 'None'
[2.007s] Level 5:colcon.colcon_core.verb:set package 'ros_deep_learning' build argument 'cmake_target_skip_unavailable' from command line to 'False'
[2.008s] Level 5:colcon.colcon_core.verb:set package 'ros_deep_learning' build argument 'cmake_clean_cache' from command line to 'False'
[2.008s] Level 5:colcon.colcon_core.verb:set package 'ros_deep_learning' build argument 'cmake_clean_first' from command line to 'False'
[2.008s] Level 5:colcon.colcon_core.verb:set package 'ros_deep_learning' build argument 'cmake_force_configure' from command line to 'False'
[2.008s] Level 5:colcon.colcon_core.verb:set package 'ros_deep_learning' build argument 'ament_cmake_args' from command line to 'None'
[2.008s] Level 5:colcon.colcon_core.verb:set package 'ros_deep_learning' build argument 'catkin_cmake_args' from command line to 'None'
[2.008s] Level 5:colcon.colcon_core.verb:set package 'ros_deep_learning' build argument 'catkin_skip_building_tests' from command line to 'False'
[2.009s] DEBUG:colcon.colcon_core.verb:Building package 'ros_deep_learning' with the following arguments: {'ament_cmake_args': None, 'build_base': '/home/tx2/roadside_unit_ros2/build/ros_deep_learning', 'catkin_cmake_args': None, 'catkin_skip_building_tests': False, 'cmake_args': None, 'cmake_clean_cache': False, 'cmake_clean_first': False, 'cmake_force_configure': False, 'cmake_target': None, 'cmake_target_skip_unavailable': False, 'install_base': '/home/tx2/roadside_unit_ros2/install/ros_deep_learning', 'merge_install': False, 'path': '/home/tx2/roadside_unit_ros2/src/ros_deep_learning', 'symlink_install': False, 'test_result_base': None}
[2.010s] INFO:colcon.colcon_core.executor:Executing jobs using 'parallel' executor
[2.015s] DEBUG:colcon.colcon_parallel_executor.executor.parallel:run_until_complete
[2.016s] INFO:colcon.colcon_ros.task.ament_python.build:Building ROS package in '/home/tx2/roadside_unit_ros2/src/perception_pkg' with build type 'ament_python'
[2.017s] Level 1:colcon.colcon_core.shell:create_environment_hook('perception_pkg', 'ament_prefix_path')
[2.035s] INFO:colcon.colcon_core.plugin_system:Skipping extension 'colcon_core.shell.bat': Not used on non-Windows systems
[2.037s] INFO:colcon.colcon_core.shell:Creating environment hook '/home/tx2/roadside_unit_ros2/install/perception_pkg/share/perception_pkg/hook/ament_prefix_path.ps1'
[2.043s] INFO:colcon.colcon_core.shell:Creating environment descriptor '/home/tx2/roadside_unit_ros2/install/perception_pkg/share/perception_pkg/hook/ament_prefix_path.dsv'
[2.047s] INFO:colcon.colcon_core.shell:Creating environment hook '/home/tx2/roadside_unit_ros2/install/perception_pkg/share/perception_pkg/hook/ament_prefix_path.sh'
[2.053s] INFO:colcon.colcon_core.shell:Skip shell extension 'powershell' for command environment: Not usable outside of PowerShell
[2.053s] DEBUG:colcon.colcon_core.shell:Skip shell extension 'dsv' for command environment
[2.082s] INFO:colcon.colcon_ros.task.ament_cmake.build:Building ROS package in '/home/tx2/roadside_unit_ros2/src/ros_deep_learning' with build type 'ament_cmake'
[2.084s] INFO:colcon.colcon_cmake.task.cmake.build:Building CMake package in '/home/tx2/roadside_unit_ros2/src/ros_deep_learning'
[2.087s] INFO:colcon.colcon_core.shell:Skip shell extension 'powershell' for command environment: Not usable outside of PowerShell
[2.087s] DEBUG:colcon.colcon_core.shell:Skip shell extension 'dsv' for command environment
[3.138s] INFO:colcon.colcon_core.task.python.build:Building Python package in '/home/tx2/roadside_unit_ros2/src/perception_pkg'
[3.140s] INFO:colcon.colcon_core.shell:Skip shell extension 'powershell' for command environment: Not usable outside of PowerShell
[3.140s] DEBUG:colcon.colcon_core.shell:Skip shell extension 'dsv' for command environment
[3.168s] DEBUG:colcon.colcon_core.event_handler.log_command:Invoking command in '/home/tx2/roadside_unit_ros2/build/ros_deep_learning': CMAKE_PREFIX_PATH=${CMAKE_PREFIX_PATH}:/home/tx2/roadside_unit_ros2/install/perception_pkg:/opt/ros/eloquent /usr/bin/cmake /home/tx2/roadside_unit_ros2/src/ros_deep_learning -DCMAKE_INSTALL_PREFIX=/home/tx2/roadside_unit_ros2/install/ros_deep_learning
[5.079s] DEBUG:colcon.colcon_core.event_handler.log_command:Invoking command in '/home/tx2/roadside_unit_ros2/src/perception_pkg': PYTHONPATH=/home/tx2/roadside_unit_ros2/build/perception_pkg/prefix_override:/home/tx2/roadside_unit_ros2/install/perception_pkg/lib/python3.6/site-packages:${PYTHONPATH} /usr/bin/python3 setup.py egg_info --egg-base ../../build/perception_pkg build --build-base /home/tx2/roadside_unit_ros2/build/perception_pkg/build install --record /home/tx2/roadside_unit_ros2/build/perception_pkg/install.log --install-scripts $base/lib/perception_pkg --single-version-externally-managed
[6.493s] DEBUG:colcon.colcon_core.event_handler.log_command:Invoked command in '/home/tx2/roadside_unit_ros2/src/perception_pkg' returned '0': PYTHONPATH=/home/tx2/roadside_unit_ros2/build/perception_pkg/prefix_override:/home/tx2/roadside_unit_ros2/install/perception_pkg/lib/python3.6/site-packages:${PYTHONPATH} /usr/bin/python3 setup.py egg_info --egg-base ../../build/perception_pkg build --build-base /home/tx2/roadside_unit_ros2/build/perception_pkg/build install --record /home/tx2/roadside_unit_ros2/build/perception_pkg/install.log --install-scripts $base/lib/perception_pkg --single-version-externally-managed
[6.510s] Level 1:colcon.colcon_core.environment:checking '/home/tx2/roadside_unit_ros2/install/perception_pkg' for CMake module files
[6.513s] Level 1:colcon.colcon_core.environment:checking '/home/tx2/roadside_unit_ros2/install/perception_pkg' for CMake config files
[6.517s] Level 1:colcon.colcon_core.environment:checking '/home/tx2/roadside_unit_ros2/install/perception_pkg/lib'
[6.518s] Level 1:colcon.colcon_core.environment:checking '/home/tx2/roadside_unit_ros2/install/perception_pkg/bin'
[6.518s] Level 1:colcon.colcon_core.environment:checking '/home/tx2/roadside_unit_ros2/install/perception_pkg/lib/pkgconfig/perception_pkg.pc'
[6.519s] Level 1:colcon.colcon_core.environment:checking '/home/tx2/roadside_unit_ros2/install/perception_pkg/lib/python3.6/site-packages'
[6.519s] Level 1:colcon.colcon_core.shell:create_environment_hook('perception_pkg', 'pythonpath')
[6.521s] INFO:colcon.colcon_core.shell:Creating environment hook '/home/tx2/roadside_unit_ros2/install/perception_pkg/share/perception_pkg/hook/pythonpath.ps1'
[6.522s] INFO:colcon.colcon_core.shell:Creating environment descriptor '/home/tx2/roadside_unit_ros2/install/perception_pkg/share/perception_pkg/hook/pythonpath.dsv'
[6.524s] INFO:colcon.colcon_core.shell:Creating environment hook '/home/tx2/roadside_unit_ros2/install/perception_pkg/share/perception_pkg/hook/pythonpath.sh'
[6.526s] Level 1:colcon.colcon_core.environment:checking '/home/tx2/roadside_unit_ros2/install/perception_pkg/bin'
[6.526s] Level 1:colcon.colcon_core.environment:create_environment_scripts_only(perception_pkg)
[6.528s] INFO:colcon.colcon_core.shell:Creating package script '/home/tx2/roadside_unit_ros2/install/perception_pkg/share/perception_pkg/package.ps1'
[6.533s] INFO:colcon.colcon_core.shell:Creating package descriptor '/home/tx2/roadside_unit_ros2/install/perception_pkg/share/perception_pkg/package.dsv'
[6.536s] INFO:colcon.colcon_core.shell:Creating package script '/home/tx2/roadside_unit_ros2/install/perception_pkg/share/perception_pkg/package.sh'
[6.540s] INFO:colcon.colcon_core.shell:Creating package script '/home/tx2/roadside_unit_ros2/install/perception_pkg/share/perception_pkg/package.bash'
[6.544s] INFO:colcon.colcon_core.shell:Creating package script '/home/tx2/roadside_unit_ros2/install/perception_pkg/share/perception_pkg/package.zsh'
[6.548s] Level 1:colcon.colcon_core.environment:create_file_with_runtime_dependencies(/home/tx2/roadside_unit_ros2/install/perception_pkg/share/colcon-core/packages/perception_pkg)
[9.921s] DEBUG:colcon.colcon_core.event_handler.log_command:Invoked command in '/home/tx2/roadside_unit_ros2/build/ros_deep_learning' returned '0': CMAKE_PREFIX_PATH=${CMAKE_PREFIX_PATH}:/home/tx2/roadside_unit_ros2/install/perception_pkg:/opt/ros/eloquent /usr/bin/cmake /home/tx2/roadside_unit_ros2/src/ros_deep_learning -DCMAKE_INSTALL_PREFIX=/home/tx2/roadside_unit_ros2/install/ros_deep_learning
[9.938s] DEBUG:colcon.colcon_core.event_handler.log_command:Invoking command in '/home/tx2/roadside_unit_ros2/build/ros_deep_learning': CMAKE_PREFIX_PATH=${CMAKE_PREFIX_PATH}:/home/tx2/roadside_unit_ros2/install/perception_pkg:/opt/ros/eloquent /usr/bin/cmake --build /home/tx2/roadside_unit_ros2/build/ros_deep_learning -- -j4 -l4
[44.186s] DEBUG:colcon.colcon_core.event_handler.log_command:Invoked command in '/home/tx2/roadside_unit_ros2/build/ros_deep_learning' returned '0': CMAKE_PREFIX_PATH=${CMAKE_PREFIX_PATH}:/home/tx2/roadside_unit_ros2/install/perception_pkg:/opt/ros/eloquent /usr/bin/cmake --build /home/tx2/roadside_unit_ros2/build/ros_deep_learning -- -j4 -l4
[44.384s] DEBUG:colcon.colcon_core.event_handler.log_command:Invoking command in '/home/tx2/roadside_unit_ros2/build/ros_deep_learning': CMAKE_PREFIX_PATH=${CMAKE_PREFIX_PATH}:/home/tx2/roadside_unit_ros2/install/perception_pkg:/opt/ros/eloquent /usr/bin/cmake --build /home/tx2/roadside_unit_ros2/build/ros_deep_learning --target install -- -j4 -l4
[44.894s] Level 1:colcon.colcon_core.environment:create_environment_scripts_only(ros_deep_learning)
[44.897s] Level 1:colcon.colcon_core.environment:checking '/home/tx2/roadside_unit_ros2/install/ros_deep_learning' for CMake module files
[44.904s] DEBUG:colcon.colcon_core.event_handler.log_command:Invoked command in '/home/tx2/roadside_unit_ros2/build/ros_deep_learning' returned '0': CMAKE_PREFIX_PATH=${CMAKE_PREFIX_PATH}:/home/tx2/roadside_unit_ros2/install/perception_pkg:/opt/ros/eloquent /usr/bin/cmake --build /home/tx2/roadside_unit_ros2/build/ros_deep_learning --target install -- -j4 -l4
[44.907s] Level 1:colcon.colcon_core.environment:checking '/home/tx2/roadside_unit_ros2/install/ros_deep_learning' for CMake config files
[44.908s] Level 1:colcon.colcon_core.shell:create_environment_hook('ros_deep_learning', 'cmake_prefix_path')
[44.910s] INFO:colcon.colcon_core.shell:Creating environment hook '/home/tx2/roadside_unit_ros2/install/ros_deep_learning/share/ros_deep_learning/hook/cmake_prefix_path.ps1'
[44.912s] INFO:colcon.colcon_core.shell:Creating environment descriptor '/home/tx2/roadside_unit_ros2/install/ros_deep_learning/share/ros_deep_learning/hook/cmake_prefix_path.dsv'
[44.913s] INFO:colcon.colcon_core.shell:Creating environment hook '/home/tx2/roadside_unit_ros2/install/ros_deep_learning/share/ros_deep_learning/hook/cmake_prefix_path.sh'
[44.916s] Level 1:colcon.colcon_core.environment:checking '/home/tx2/roadside_unit_ros2/install/ros_deep_learning/lib'
[44.916s] Level 1:colcon.colcon_core.environment:checking '/home/tx2/roadside_unit_ros2/install/ros_deep_learning/bin'
[44.917s] Level 1:colcon.colcon_core.environment:checking '/home/tx2/roadside_unit_ros2/install/ros_deep_learning/lib/pkgconfig/ros_deep_learning.pc'
[44.918s] Level 1:colcon.colcon_core.environment:checking '/home/tx2/roadside_unit_ros2/install/ros_deep_learning/lib/python3.6/site-packages'
[44.918s] Level 1:colcon.colcon_core.environment:checking '/home/tx2/roadside_unit_ros2/install/ros_deep_learning/bin'
[44.920s] INFO:colcon.colcon_core.shell:Creating package script '/home/tx2/roadside_unit_ros2/install/ros_deep_learning/share/ros_deep_learning/package.ps1'
[44.922s] INFO:colcon.colcon_core.shell:Creating package descriptor '/home/tx2/roadside_unit_ros2/install/ros_deep_learning/share/ros_deep_learning/package.dsv'
[44.923s] INFO:colcon.colcon_core.shell:Creating package script '/home/tx2/roadside_unit_ros2/install/ros_deep_learning/share/ros_deep_learning/package.sh'
[44.924s] INFO:colcon.colcon_core.shell:Creating package script '/home/tx2/roadside_unit_ros2/install/ros_deep_learning/share/ros_deep_learning/package.bash'
[44.926s] INFO:colcon.colcon_core.shell:Creating package script '/home/tx2/roadside_unit_ros2/install/ros_deep_learning/share/ros_deep_learning/package.zsh'
[44.927s] Level 1:colcon.colcon_core.environment:create_file_with_runtime_dependencies(/home/tx2/roadside_unit_ros2/install/ros_deep_learning/share/colcon-core/packages/ros_deep_learning)
[45.083s] Level 1:colcon.colcon_core.environment:create_environment_scripts_only(ros_deep_learning)
[45.085s] Level 1:colcon.colcon_core.environment:checking '/home/tx2/roadside_unit_ros2/install/ros_deep_learning' for CMake module files
[45.087s] Level 1:colcon.colcon_core.environment:checking '/home/tx2/roadside_unit_ros2/install/ros_deep_learning' for CMake config files
[45.089s] Level 1:colcon.colcon_core.shell:create_environment_hook('ros_deep_learning', 'cmake_prefix_path')
[45.090s] INFO:colcon.colcon_core.shell:Creating environment hook '/home/tx2/roadside_unit_ros2/install/ros_deep_learning/share/ros_deep_learning/hook/cmake_prefix_path.ps1'
[45.093s] INFO:colcon.colcon_core.shell:Creating environment descriptor '/home/tx2/roadside_unit_ros2/install/ros_deep_learning/share/ros_deep_learning/hook/cmake_prefix_path.dsv'
[45.096s] INFO:colcon.colcon_core.shell:Creating environment hook '/home/tx2/roadside_unit_ros2/install/ros_deep_learning/share/ros_deep_learning/hook/cmake_prefix_path.sh'
[45.099s] Level 1:colcon.colcon_core.environment:checking '/home/tx2/roadside_unit_ros2/install/ros_deep_learning/lib'
[45.100s] Level 1:colcon.colcon_core.environment:checking '/home/tx2/roadside_unit_ros2/install/ros_deep_learning/bin'
[45.100s] Level 1:colcon.colcon_core.environment:checking '/home/tx2/roadside_unit_ros2/install/ros_deep_learning/lib/pkgconfig/ros_deep_learning.pc'
[45.101s] Level 1:colcon.colcon_core.environment:checking '/home/tx2/roadside_unit_ros2/install/ros_deep_learning/lib/python3.6/site-packages'
[45.102s] Level 1:colcon.colcon_core.environment:checking '/home/tx2/roadside_unit_ros2/install/ros_deep_learning/bin'
[45.104s] INFO:colcon.colcon_core.shell:Creating package script '/home/tx2/roadside_unit_ros2/install/ros_deep_learning/share/ros_deep_learning/package.ps1'
[45.106s] INFO:colcon.colcon_core.shell:Creating package descriptor '/home/tx2/roadside_unit_ros2/install/ros_deep_learning/share/ros_deep_learning/package.dsv'
[45.108s] INFO:colcon.colcon_core.shell:Creating package script '/home/tx2/roadside_unit_ros2/install/ros_deep_learning/share/ros_deep_learning/package.sh'
[45.110s] INFO:colcon.colcon_core.shell:Creating package script '/home/tx2/roadside_unit_ros2/install/ros_deep_learning/share/ros_deep_learning/package.bash'
[45.111s] INFO:colcon.colcon_core.shell:Creating package script '/home/tx2/roadside_unit_ros2/install/ros_deep_learning/share/ros_deep_learning/package.zsh'
[45.113s] Level 1:colcon.colcon_core.environment:create_file_with_runtime_dependencies(/home/tx2/roadside_unit_ros2/install/ros_deep_learning/share/colcon-core/packages/ros_deep_learning)
[45.114s] DEBUG:colcon.colcon_parallel_executor.executor.parallel:closing loop
[45.120s] DEBUG:colcon.colcon_parallel_executor.executor.parallel:loop closed
[45.121s] DEBUG:colcon.colcon_parallel_executor.executor.parallel:run_until_complete finished with '0'
[45.121s] DEBUG:colcon.colcon_core.event_reactor:joining thread
[45.160s] INFO:colcon.colcon_core.plugin_system:Skipping extension 'colcon_notification.desktop_notification.terminal_notifier': Not used on non-Darwin systems
[45.160s] INFO:colcon.colcon_core.plugin_system:Skipping extension 'colcon_notification.desktop_notification.win32': Not used on non-Windows systems
[45.161s] INFO:colcon.colcon_notification.desktop_notification:Sending desktop notification using 'notify2'
[45.471s] DEBUG:colcon.colcon_core.event_reactor:joined thread
[45.473s] INFO:colcon.colcon_core.shell:Creating prefix script '/home/tx2/roadside_unit_ros2/install/local_setup.ps1'
[45.480s] INFO:colcon.colcon_core.shell:Creating prefix util module '/home/tx2/roadside_unit_ros2/install/_local_setup_util_ps1.py'
[45.488s] INFO:colcon.colcon_core.shell:Creating prefix chain script '/home/tx2/roadside_unit_ros2/install/setup.ps1'
[45.495s] INFO:colcon.colcon_core.shell:Creating prefix script '/home/tx2/roadside_unit_ros2/install/local_setup.sh'
[45.498s] INFO:colcon.colcon_core.shell:Creating prefix util module '/home/tx2/roadside_unit_ros2/install/_local_setup_util_sh.py'
[45.500s] INFO:colcon.colcon_core.shell:Creating prefix chain script '/home/tx2/roadside_unit_ros2/install/setup.sh'
[45.507s] INFO:colcon.colcon_core.shell:Creating prefix script '/home/tx2/roadside_unit_ros2/install/local_setup.bash'
[45.511s] INFO:colcon.colcon_core.shell:Creating prefix chain script '/home/tx2/roadside_unit_ros2/install/setup.bash'
[45.518s] INFO:colcon.colcon_core.shell:Creating prefix script '/home/tx2/roadside_unit_ros2/install/local_setup.zsh'
[45.522s] INFO:colcon.colcon_core.shell:Creating prefix chain script '/home/tx2/roadside_unit_ros2/install/setup.zsh'
