[0.979s] Invoking command in '/home/tx2/roadside_unit_ros2/build/ros_deep_learning': CMAKE_PREFIX_PATH=${CMAKE_PREFIX_PATH}:/home/tx2/roadside_unit_ros2/install/perception_pkg /usr/bin/cmake --build /home/tx2/roadside_unit_ros2/build/ros_deep_learning -- -j4 -l4
[1.230s] [ 20%] Built target video_output
[1.247s] [ 40%] Built target imagenet
[1.276s] [ 60%] Built target segnet
[1.291s] [ 80%] Built target detectnet
[1.361s] [100%] Built target video_source
[1.398s] Invoked command in '/home/tx2/roadside_unit_ros2/build/ros_deep_learning' returned '0': CMAKE_PREFIX_PATH=${CMAKE_PREFIX_PATH}:/home/tx2/roadside_unit_ros2/install/perception_pkg /usr/bin/cmake --build /home/tx2/roadside_unit_ros2/build/ros_deep_learning -- -j4 -l4
[1.567s] Invoking command in '/home/tx2/roadside_unit_ros2/build/ros_deep_learning': CMAKE_PREFIX_PATH=${CMAKE_PREFIX_PATH}:/home/tx2/roadside_unit_ros2/install/perception_pkg /usr/bin/cmake --build /home/tx2/roadside_unit_ros2/build/ros_deep_learning --target install -- -j4 -l4
[1.817s] [ 20%] Built target video_output
[1.822s] [ 40%] Built target segnet
[1.840s] [ 60%] Built target imagenet
[1.852s] [ 80%] Built target detectnet
[1.942s] [100%] Built target video_source
[2.002s] [36mInstall the project...[0m
[2.033s] -- Install configuration: ""
[2.034s] -- Up-to-date: /home/tx2/roadside_unit_ros2/install/ros_deep_learning/lib/ros_deep_learning/imagenet
[2.035s] -- Up-to-date: /home/tx2/roadside_unit_ros2/install/ros_deep_learning/lib/ros_deep_learning/detectnet
[2.036s] -- Up-to-date: /home/tx2/roadside_unit_ros2/install/ros_deep_learning/lib/ros_deep_learning/segnet
[2.037s] -- Up-to-date: /home/tx2/roadside_unit_ros2/install/ros_deep_learning/lib/ros_deep_learning/video_source
[2.038s] -- Up-to-date: /home/tx2/roadside_unit_ros2/install/ros_deep_learning/lib/ros_deep_learning/video_output
[2.039s] -- Up-to-date: /home/tx2/roadside_unit_ros2/install/ros_deep_learning/share/ros_deep_learning//launch
[2.041s] -- Up-to-date: /home/tx2/roadside_unit_ros2/install/ros_deep_learning/share/ros_deep_learning//launch/imagenet.ros1.launch
[2.042s] -- Up-to-date: /home/tx2/roadside_unit_ros2/install/ros_deep_learning/share/ros_deep_learning//launch/video_viewer.ros1.launch
[2.043s] -- Up-to-date: /home/tx2/roadside_unit_ros2/install/ros_deep_learning/share/ros_deep_learning//launch/video_output.ros1.launch
[2.044s] -- Up-to-date: /home/tx2/roadside_unit_ros2/install/ros_deep_learning/share/ros_deep_learning//launch/video_output.ros2.launch
[2.044s] -- Up-to-date: /home/tx2/roadside_unit_ros2/install/ros_deep_learning/share/ros_deep_learning//launch/imagenet.ros2.launch
[2.045s] -- Up-to-date: /home/tx2/roadside_unit_ros2/install/ros_deep_learning/share/ros_deep_learning//launch/detectnet.ros1.launch
[2.045s] -- Up-to-date: /home/tx2/roadside_unit_ros2/install/ros_deep_learning/share/ros_deep_learning//launch/detectnet.ros2.launch
[2.046s] -- Up-to-date: /home/tx2/roadside_unit_ros2/install/ros_deep_learning/share/ros_deep_learning//launch/video_source.ros2.launch
[2.047s] -- Up-to-date: /home/tx2/roadside_unit_ros2/install/ros_deep_learning/share/ros_deep_learning//launch/video_viewer.ros2.launch
[2.047s] -- Up-to-date: /home/tx2/roadside_unit_ros2/install/ros_deep_learning/share/ros_deep_learning//launch/segnet.ros1.launch
[2.048s] -- Up-to-date: /home/tx2/roadside_unit_ros2/install/ros_deep_learning/share/ros_deep_learning//launch/video_source.ros1.launch
[2.048s] -- Up-to-date: /home/tx2/roadside_unit_ros2/install/ros_deep_learning/share/ros_deep_learning//launch/segnet.ros2.launch
[2.049s] -- Up-to-date: /home/tx2/roadside_unit_ros2/install/ros_deep_learning/share/ament_index/resource_index/package_run_dependencies/ros_deep_learning
[2.049s] -- Up-to-date: /home/tx2/roadside_unit_ros2/install/ros_deep_learning/share/ament_index/resource_index/parent_prefix_path/ros_deep_learning
[2.050s] -- Up-to-date: /home/tx2/roadside_unit_ros2/install/ros_deep_learning/share/ros_deep_learning/environment/ament_prefix_path.sh
[2.051s] -- Up-to-date: /home/tx2/roadside_unit_ros2/install/ros_deep_learning/share/ros_deep_learning/environment/ament_prefix_path.dsv
[2.052s] -- Up-to-date: /home/tx2/roadside_unit_ros2/install/ros_deep_learning/share/ros_deep_learning/environment/path.sh
[2.055s] -- Up-to-date: /home/tx2/roadside_unit_ros2/install/ros_deep_learning/share/ros_deep_learning/environment/path.dsv
[2.056s] -- Up-to-date: /home/tx2/roadside_unit_ros2/install/ros_deep_learning/share/ros_deep_learning/local_setup.bash
[2.056s] -- Up-to-date: /home/tx2/roadside_unit_ros2/install/ros_deep_learning/share/ros_deep_learning/local_setup.sh
[2.057s] -- Up-to-date: /home/tx2/roadside_unit_ros2/install/ros_deep_learning/share/ros_deep_learning/local_setup.zsh
[2.058s] -- Up-to-date: /home/tx2/roadside_unit_ros2/install/ros_deep_learning/share/ros_deep_learning/local_setup.dsv
[2.059s] -- Installing: /home/tx2/roadside_unit_ros2/install/ros_deep_learning/share/ros_deep_learning/package.dsv
[2.059s] -- Up-to-date: /home/tx2/roadside_unit_ros2/install/ros_deep_learning/share/ament_index/resource_index/packages/ros_deep_learning
[2.060s] -- Up-to-date: /home/tx2/roadside_unit_ros2/install/ros_deep_learning/share/ros_deep_learning/cmake/ros_deep_learningConfig.cmake
[2.061s] -- Up-to-date: /home/tx2/roadside_unit_ros2/install/ros_deep_learning/share/ros_deep_learning/cmake/ros_deep_learningConfig-version.cmake
[2.062s] -- Up-to-date: /home/tx2/roadside_unit_ros2/install/ros_deep_learning/share/ros_deep_learning/package.xml
[2.063s] Invoked command in '/home/tx2/roadside_unit_ros2/build/ros_deep_learning' returned '0': CMAKE_PREFIX_PATH=${CMAKE_PREFIX_PATH}:/home/tx2/roadside_unit_ros2/install/perception_pkg /usr/bin/cmake --build /home/tx2/roadside_unit_ros2/build/ros_deep_learning --target install -- -j4 -l4
