[2.816s] Invoking command in '/home/tx2/roadside_unit_ros2/src/perception_pkg': PYTHONPATH=/home/tx2/roadside_unit_ros2/build/perception_pkg/prefix_override:/home/tx2/roadside_unit_ros2/install/perception_pkg/lib/python3.6/site-packages:${PYTHONPATH} /usr/bin/python3 setup.py egg_info --egg-base ../../build/perception_pkg build --build-base /home/tx2/roadside_unit_ros2/build/perception_pkg/build install --record /home/tx2/roadside_unit_ros2/build/perception_pkg/install.log --install-scripts $base/lib/perception_pkg --single-version-externally-managed
[3.642s] running egg_info
[3.644s] writing ../../build/perception_pkg/perception_pkg.egg-info/PKG-INFO
[3.645s] writing dependency_links to ../../build/perception_pkg/perception_pkg.egg-info/dependency_links.txt
[3.645s] writing entry points to ../../build/perception_pkg/perception_pkg.egg-info/entry_points.txt
[3.646s] writing requirements to ../../build/perception_pkg/perception_pkg.egg-info/requires.txt
[3.646s] writing top-level names to ../../build/perception_pkg/perception_pkg.egg-info/top_level.txt
[3.800s] reading manifest file '../../build/perception_pkg/perception_pkg.egg-info/SOURCES.txt'
[3.805s] writing manifest file '../../build/perception_pkg/perception_pkg.egg-info/SOURCES.txt'
[3.805s] running build
[3.806s] running build_py
[3.807s] running install
[3.808s] running install_lib
[3.812s] running install_data
[3.814s] running install_egg_info
[3.821s] removing '/home/tx2/roadside_unit_ros2/install/perception_pkg/lib/python3.6/site-packages/perception_pkg-0.0.0-py3.6.egg-info' (and everything under it)
[3.822s] Copying ../../build/perception_pkg/perception_pkg.egg-info to /home/tx2/roadside_unit_ros2/install/perception_pkg/lib/python3.6/site-packages/perception_pkg-0.0.0-py3.6.egg-info
[3.825s] running install_scripts
[3.895s] Installing distance_estimator script to /home/tx2/roadside_unit_ros2/install/perception_pkg/lib/perception_pkg
[3.895s] Installing scenario_classificator script to /home/tx2/roadside_unit_ros2/install/perception_pkg/lib/perception_pkg
[3.896s] Installing scenario_visualizer script to /home/tx2/roadside_unit_ros2/install/perception_pkg/lib/perception_pkg
[3.897s] writing list of installed files to '/home/tx2/roadside_unit_ros2/build/perception_pkg/install.log'
[3.993s] Invoked command in '/home/tx2/roadside_unit_ros2/src/perception_pkg' returned '0': PYTHONPATH=/home/tx2/roadside_unit_ros2/build/perception_pkg/prefix_override:/home/tx2/roadside_unit_ros2/install/perception_pkg/lib/python3.6/site-packages:${PYTHONPATH} /usr/bin/python3 setup.py egg_info --egg-base ../../build/perception_pkg build --build-base /home/tx2/roadside_unit_ros2/build/perception_pkg/build install --record /home/tx2/roadside_unit_ros2/build/perception_pkg/install.log --install-scripts $base/lib/perception_pkg --single-version-externally-managed
