/home/tx2/roadside_unit_ros2/install/perception_pkg/lib/python3.6/site-packages/perception_pkg/__init__.py
/home/tx2/roadside_unit_ros2/install/perception_pkg/lib/python3.6/site-packages/perception_pkg/scenario_classificator.py
/home/tx2/roadside_unit_ros2/install/perception_pkg/lib/python3.6/site-packages/perception_pkg/scenario_visualizer.py
/home/tx2/roadside_unit_ros2/install/perception_pkg/lib/python3.6/site-packages/perception_pkg/distance_estimator.py
/home/tx2/roadside_unit_ros2/install/perception_pkg/lib/python3.6/site-packages/perception_pkg/__pycache__/__init__.cpython-36.pyc
/home/tx2/roadside_unit_ros2/install/perception_pkg/lib/python3.6/site-packages/perception_pkg/__pycache__/scenario_classificator.cpython-36.pyc
/home/tx2/roadside_unit_ros2/install/perception_pkg/lib/python3.6/site-packages/perception_pkg/__pycache__/scenario_visualizer.cpython-36.pyc
/home/tx2/roadside_unit_ros2/install/perception_pkg/lib/python3.6/site-packages/perception_pkg/__pycache__/distance_estimator.cpython-36.pyc
/home/tx2/roadside_unit_ros2/install/perception_pkg/share/ament_index/resource_index/packages/perception_pkg
/home/tx2/roadside_unit_ros2/install/perception_pkg/share/perception_pkg/package.xml
/home/tx2/roadside_unit_ros2/install/perception_pkg/lib/python3.6/site-packages/perception_pkg-0.0.0-py3.6.egg-info/requires.txt
/home/tx2/roadside_unit_ros2/install/perception_pkg/lib/python3.6/site-packages/perception_pkg-0.0.0-py3.6.egg-info/SOURCES.txt
/home/tx2/roadside_unit_ros2/install/perception_pkg/lib/python3.6/site-packages/perception_pkg-0.0.0-py3.6.egg-info/zip-safe
/home/tx2/roadside_unit_ros2/install/perception_pkg/lib/python3.6/site-packages/perception_pkg-0.0.0-py3.6.egg-info/entry_points.txt
/home/tx2/roadside_unit_ros2/install/perception_pkg/lib/python3.6/site-packages/perception_pkg-0.0.0-py3.6.egg-info/top_level.txt
/home/tx2/roadside_unit_ros2/install/perception_pkg/lib/python3.6/site-packages/perception_pkg-0.0.0-py3.6.egg-info/PKG-INFO
/home/tx2/roadside_unit_ros2/install/perception_pkg/lib/python3.6/site-packages/perception_pkg-0.0.0-py3.6.egg-info/dependency_links.txt
/home/tx2/roadside_unit_ros2/install/perception_pkg/lib/perception_pkg/distance_estimator
/home/tx2/roadside_unit_ros2/install/perception_pkg/lib/perception_pkg/scenario_classificator
/home/tx2/roadside_unit_ros2/install/perception_pkg/lib/perception_pkg/scenario_visualizer
